[22-Apr-2019 01:27:52 UTC] PHP Warning:  json_encode() expects at least 1 parameter, 0 given in /home/ubuntu/workspace/cst336/Hw/hw4/api/MapsProxy.php on line 31
[22-Apr-2019 01:27:52 UTC] PHP Stack trace:
[22-Apr-2019 01:27:52 UTC] PHP   1. {main}() /home/ubuntu/workspace/cst336/Hw/hw4/api/MapsProxy.php:0
[22-Apr-2019 01:27:52 UTC] PHP   2. json_encode() /home/ubuntu/workspace/cst336/Hw/hw4/api/MapsProxy.php:31
[22-Apr-2019 01:27:58 UTC] PHP Warning:  json_encode() expects at least 1 parameter, 0 given in /home/ubuntu/workspace/cst336/Hw/hw4/api/MapsProxy.php on line 31
[22-Apr-2019 01:27:58 UTC] PHP Stack trace:
[22-Apr-2019 01:27:58 UTC] PHP   1. {main}() /home/ubuntu/workspace/cst336/Hw/hw4/api/MapsProxy.php:0
[22-Apr-2019 01:27:58 UTC] PHP   2. json_encode() /home/ubuntu/workspace/cst336/Hw/hw4/api/MapsProxy.php:31
[22-Apr-2019 01:28:26 UTC] PHP Warning:  json_encode() expects at least 1 parameter, 0 given in /home/ubuntu/workspace/cst336/Hw/hw4/api/MapsProxy.php on line 31
[22-Apr-2019 01:28:26 UTC] PHP Stack trace:
[22-Apr-2019 01:28:26 UTC] PHP   1. {main}() /home/ubuntu/workspace/cst336/Hw/hw4/api/MapsProxy.php:0
[22-Apr-2019 01:28:26 UTC] PHP   2. json_encode() /home/ubuntu/workspace/cst336/Hw/hw4/api/MapsProxy.php:31
[22-Apr-2019 01:28:31 UTC] PHP Warning:  json_encode() expects at least 1 parameter, 0 given in /home/ubuntu/workspace/cst336/Hw/hw4/api/MapsProxy.php on line 31
[22-Apr-2019 01:28:31 UTC] PHP Stack trace:
[22-Apr-2019 01:28:31 UTC] PHP   1. {main}() /home/ubuntu/workspace/cst336/Hw/hw4/api/MapsProxy.php:0
[22-Apr-2019 01:28:31 UTC] PHP   2. json_encode() /home/ubuntu/workspace/cst336/Hw/hw4/api/MapsProxy.php:31
[22-Apr-2019 02:04:37 UTC] PHP Warning:  json_encode() expects at least 1 parameter, 0 given in /home/ubuntu/workspace/cst336/Hw/hw4/api/MapsProxy.php on line 31
[22-Apr-2019 02:04:37 UTC] PHP Stack trace:
[22-Apr-2019 02:04:37 UTC] PHP   1. {main}() /home/ubuntu/workspace/cst336/Hw/hw4/api/MapsProxy.php:0
[22-Apr-2019 02:04:37 UTC] PHP   2. json_encode() /home/ubuntu/workspace/cst336/Hw/hw4/api/MapsProxy.php:31
[22-Apr-2019 21:26:05 UTC] PHP Fatal error:  Uncaught exception 'PDOException' with message 'SQLSTATE[23000]: Integrity constraint violation: 1048 Column 'weather' cannot be null' in /home/ubuntu/workspace/cst336/Hw/hw4/api/saveData.php:17
Stack trace:
#0 /home/ubuntu/workspace/cst336/Hw/hw4/api/saveData.php(17): PDOStatement->execute(Array)
#1 {main}
  thrown in /home/ubuntu/workspace/cst336/Hw/hw4/api/saveData.php on line 17
[22-Apr-2019 21:26:51 UTC] PHP Fatal error:  Uncaught exception 'PDOException' with message 'SQLSTATE[HY000]: General error' in /home/ubuntu/workspace/cst336/Hw/hw4/api/saveData.php:21
Stack trace:
#0 /home/ubuntu/workspace/cst336/Hw/hw4/api/saveData.php(21): PDOStatement->fetch(2)
#1 {main}
  thrown in /home/ubuntu/workspace/cst336/Hw/hw4/api/saveData.php on line 21
[22-Apr-2019 21:46:45 UTC] PHP Fatal error:  Uncaught exception 'PDOException' with message 'SQLSTATE[HY000]: General error' in /home/ubuntu/workspace/cst336/Hw/hw4/api/saveData.php:21
Stack trace:
#0 /home/ubuntu/workspace/cst336/Hw/hw4/api/saveData.php(21): PDOStatement->fetch(2)
#1 {main}
  thrown in /home/ubuntu/workspace/cst336/Hw/hw4/api/saveData.php on line 21
[22-Apr-2019 21:50:36 UTC] PHP Fatal error:  Uncaught exception 'PDOException' with message 'SQLSTATE[HY000]: General error' in /home/ubuntu/workspace/cst336/Hw/hw4/api/saveData.php:21
Stack trace:
#0 /home/ubuntu/workspace/cst336/Hw/hw4/api/saveData.php(21): PDOStatement->fetch(2)
#1 {main}
  thrown in /home/ubuntu/workspace/cst336/Hw/hw4/api/saveData.php on line 21
[22-Apr-2019 21:51:57 UTC] PHP Fatal error:  Uncaught exception 'PDOException' with message 'SQLSTATE[HY000]: General error' in /home/ubuntu/workspace/cst336/Hw/hw4/api/saveData.php:21
Stack trace:
#0 /home/ubuntu/workspace/cst336/Hw/hw4/api/saveData.php(21): PDOStatement->fetch(2)
#1 {main}
  thrown in /home/ubuntu/workspace/cst336/Hw/hw4/api/saveData.php on line 21
[22-Apr-2019 21:58:40 UTC] PHP Fatal error:  Uncaught exception 'PDOException' with message 'SQLSTATE[42S02]: Base table or view not found: 1146 Table 'mapsData.weather' doesn't exist' in /home/ubuntu/workspace/cst336/Hw/hw4/api/getData.php:8
Stack trace:
#0 /home/ubuntu/workspace/cst336/Hw/hw4/api/getData.php(8): PDOStatement->execute()
#1 {main}
  thrown in /home/ubuntu/workspace/cst336/Hw/hw4/api/getData.php on line 8
[22-Apr-2019 21:58:46 UTC] PHP Fatal error:  Uncaught exception 'PDOException' with message 'SQLSTATE[42S02]: Base table or view not found: 1146 Table 'mapsData.weather' doesn't exist' in /home/ubuntu/workspace/cst336/Hw/hw4/api/getData.php:8
Stack trace:
#0 /home/ubuntu/workspace/cst336/Hw/hw4/api/getData.php(8): PDOStatement->execute()
#1 {main}
  thrown in /home/ubuntu/workspace/cst336/Hw/hw4/api/getData.php on line 8
[22-Apr-2019 21:58:46 UTC] PHP Fatal error:  Uncaught exception 'PDOException' with message 'SQLSTATE[HY000]: General error' in /home/ubuntu/workspace/cst336/Hw/hw4/api/saveData.php:21
Stack trace:
#0 /home/ubuntu/workspace/cst336/Hw/hw4/api/saveData.php(21): PDOStatement->fetch(2)
#1 {main}
  thrown in /home/ubuntu/workspace/cst336/Hw/hw4/api/saveData.php on line 21
[22-Apr-2019 21:59:09 UTC] PHP Fatal error:  Uncaught exception 'PDOException' with message 'SQLSTATE[42S02]: Base table or view not found: 1146 Table 'mapsData.weather' doesn't exist' in /home/ubuntu/workspace/cst336/Hw/hw4/api/getData.php:8
Stack trace:
#0 /home/ubuntu/workspace/cst336/Hw/hw4/api/getData.php(8): PDOStatement->execute()
#1 {main}
  thrown in /home/ubuntu/workspace/cst336/Hw/hw4/api/getData.php on line 8
[22-Apr-2019 21:59:09 UTC] PHP Fatal error:  Uncaught exception 'PDOException' with message 'SQLSTATE[HY000]: General error' in /home/ubuntu/workspace/cst336/Hw/hw4/api/saveData.php:21
Stack trace:
#0 /home/ubuntu/workspace/cst336/Hw/hw4/api/saveData.php(21): PDOStatement->fetch(2)
#1 {main}
  thrown in /home/ubuntu/workspace/cst336/Hw/hw4/api/saveData.php on line 21
[22-Apr-2019 21:59:39 UTC] PHP Fatal error:  Uncaught exception 'PDOException' with message 'SQLSTATE[42S02]: Base table or view not found: 1146 Table 'mapsData.weather' doesn't exist' in /home/ubuntu/workspace/cst336/Hw/hw4/api/getData.php:8
Stack trace:
#0 /home/ubuntu/workspace/cst336/Hw/hw4/api/getData.php(8): PDOStatement->execute()
#1 {main}
  thrown in /home/ubuntu/workspace/cst336/Hw/hw4/api/getData.php on line 8
[22-Apr-2019 21:59:39 UTC] PHP Fatal error:  Uncaught exception 'PDOException' with message 'SQLSTATE[HY000]: General error' in /home/ubuntu/workspace/cst336/Hw/hw4/api/saveData.php:21
Stack trace:
#0 /home/ubuntu/workspace/cst336/Hw/hw4/api/saveData.php(21): PDOStatement->fetch(2)
#1 {main}
  thrown in /home/ubuntu/workspace/cst336/Hw/hw4/api/saveData.php on line 21
[22-Apr-2019 22:04:28 UTC] PHP Fatal error:  Uncaught exception 'PDOException' with message 'SQLSTATE[42S02]: Base table or view not found: 1146 Table 'mapsData.weather' doesn't exist' in /home/ubuntu/workspace/cst336/Hw/hw4/api/getData.php:9
Stack trace:
#0 /home/ubuntu/workspace/cst336/Hw/hw4/api/getData.php(9): PDOStatement->execute()
#1 {main}
  thrown in /home/ubuntu/workspace/cst336/Hw/hw4/api/getData.php on line 9
[22-Apr-2019 22:04:29 UTC] PHP Fatal error:  Uncaught exception 'PDOException' with message 'SQLSTATE[HY000]: General error' in /home/ubuntu/workspace/cst336/Hw/hw4/api/saveData.php:21
Stack trace:
#0 /home/ubuntu/workspace/cst336/Hw/hw4/api/saveData.php(21): PDOStatement->fetch(2)
#1 {main}
  thrown in /home/ubuntu/workspace/cst336/Hw/hw4/api/saveData.php on line 21
[22-Apr-2019 22:05:23 UTC] PHP Fatal error:  Uncaught exception 'PDOException' with message 'SQLSTATE[42S02]: Base table or view not found: 1146 Table 'mapsData.weather' doesn't exist' in /home/ubuntu/workspace/cst336/Hw/hw4/api/getData.php:9
Stack trace:
#0 /home/ubuntu/workspace/cst336/Hw/hw4/api/getData.php(9): PDOStatement->execute()
#1 {main}
  thrown in /home/ubuntu/workspace/cst336/Hw/hw4/api/getData.php on line 9
[22-Apr-2019 22:05:23 UTC] PHP Fatal error:  Uncaught exception 'PDOException' with message 'SQLSTATE[HY000]: General error' in /home/ubuntu/workspace/cst336/Hw/hw4/api/saveData.php:21
Stack trace:
#0 /home/ubuntu/workspace/cst336/Hw/hw4/api/saveData.php(21): PDOStatement->fetch(2)
#1 {main}
  thrown in /home/ubuntu/workspace/cst336/Hw/hw4/api/saveData.php on line 21
[22-Apr-2019 22:05:51 UTC] PHP Fatal error:  Uncaught exception 'PDOException' with message 'SQLSTATE[42S02]: Base table or view not found: 1146 Table 'mapsData.weather' doesn't exist' in /home/ubuntu/workspace/cst336/Hw/hw4/api/getData.php:9
Stack trace:
#0 /home/ubuntu/workspace/cst336/Hw/hw4/api/getData.php(9): PDOStatement->execute()
#1 {main}
  thrown in /home/ubuntu/workspace/cst336/Hw/hw4/api/getData.php on line 9
[22-Apr-2019 22:05:51 UTC] PHP Fatal error:  Uncaught exception 'PDOException' with message 'SQLSTATE[HY000]: General error' in /home/ubuntu/workspace/cst336/Hw/hw4/api/saveData.php:21
Stack trace:
#0 /home/ubuntu/workspace/cst336/Hw/hw4/api/saveData.php(21): PDOStatement->fetch(2)
#1 {main}
  thrown in /home/ubuntu/workspace/cst336/Hw/hw4/api/saveData.php on line 21
[22-Apr-2019 22:06:23 UTC] PHP Fatal error:  Uncaught exception 'PDOException' with message 'SQLSTATE[42S02]: Base table or view not found: 1146 Table 'mapsData.weather' doesn't exist' in /home/ubuntu/workspace/cst336/Hw/hw4/api/getData.php:9
Stack trace:
#0 /home/ubuntu/workspace/cst336/Hw/hw4/api/getData.php(9): PDOStatement->execute()
#1 {main}
  thrown in /home/ubuntu/workspace/cst336/Hw/hw4/api/getData.php on line 9
[22-Apr-2019 22:06:23 UTC] PHP Fatal error:  Uncaught exception 'PDOException' with message 'SQLSTATE[HY000]: General error' in /home/ubuntu/workspace/cst336/Hw/hw4/api/saveData.php:21
Stack trace:
#0 /home/ubuntu/workspace/cst336/Hw/hw4/api/saveData.php(21): PDOStatement->fetch(2)
#1 {main}
  thrown in /home/ubuntu/workspace/cst336/Hw/hw4/api/saveData.php on line 21
[22-Apr-2019 22:08:09 UTC] PHP Fatal error:  Uncaught exception 'PDOException' with message 'SQLSTATE[42S02]: Base table or view not found: 1146 Table 'mapsData.weather' doesn't exist' in /home/ubuntu/workspace/cst336/Hw/hw4/api/getData.php:9
Stack trace:
#0 /home/ubuntu/workspace/cst336/Hw/hw4/api/getData.php(9): PDOStatement->execute()
#1 {main}
  thrown in /home/ubuntu/workspace/cst336/Hw/hw4/api/getData.php on line 9
[22-Apr-2019 22:08:10 UTC] PHP Fatal error:  Uncaught exception 'PDOException' with message 'SQLSTATE[42S02]: Base table or view not found: 1146 Table 'mapsData.weather' doesn't exist' in /home/ubuntu/workspace/cst336/Hw/hw4/api/getData.php:9
Stack trace:
#0 /home/ubuntu/workspace/cst336/Hw/hw4/api/getData.php(9): PDOStatement->execute()
#1 {main}
  thrown in /home/ubuntu/workspace/cst336/Hw/hw4/api/getData.php on line 9
[22-Apr-2019 22:08:10 UTC] PHP Fatal error:  Uncaught exception 'PDOException' with message 'SQLSTATE[42S02]: Base table or view not found: 1146 Table 'mapsData.weather' doesn't exist' in /home/ubuntu/workspace/cst336/Hw/hw4/api/getData.php:9
Stack trace:
#0 /home/ubuntu/workspace/cst336/Hw/hw4/api/getData.php(9): PDOStatement->execute()
#1 {main}
  thrown in /home/ubuntu/workspace/cst336/Hw/hw4/api/getData.php on line 9
[22-Apr-2019 22:08:10 UTC] PHP Fatal error:  Uncaught exception 'PDOException' with message 'SQLSTATE[42S02]: Base table or view not found: 1146 Table 'mapsData.weather' doesn't exist' in /home/ubuntu/workspace/cst336/Hw/hw4/api/getData.php:9
Stack trace:
#0 /home/ubuntu/workspace/cst336/Hw/hw4/api/getData.php(9): PDOStatement->execute()
#1 {main}
  thrown in /home/ubuntu/workspace/cst336/Hw/hw4/api/getData.php on line 9
[22-Apr-2019 22:12:15 UTC] PHP Fatal error:  Uncaught exception 'PDOException' with message 'SQLSTATE[HY000]: General error' in /home/ubuntu/workspace/cst336/Hw/hw4/api/saveData.php:21
Stack trace:
#0 /home/ubuntu/workspace/cst336/Hw/hw4/api/saveData.php(21): PDOStatement->fetch(2)
#1 {main}
  thrown in /home/ubuntu/workspace/cst336/Hw/hw4/api/saveData.php on line 21
[22-Apr-2019 22:20:07 UTC] PHP Fatal error:  Uncaught exception 'PDOException' with message 'SQLSTATE[HY000]: General error' in /home/ubuntu/workspace/cst336/Hw/hw4/api/saveData.php:21
Stack trace:
#0 /home/ubuntu/workspace/cst336/Hw/hw4/api/saveData.php(21): PDOStatement->fetch(2)
#1 {main}
  thrown in /home/ubuntu/workspace/cst336/Hw/hw4/api/saveData.php on line 21
[22-Apr-2019 22:20:10 UTC] PHP Fatal error:  Uncaught exception 'PDOException' with message 'SQLSTATE[HY000]: General error' in /home/ubuntu/workspace/cst336/Hw/hw4/api/saveData.php:21
Stack trace:
#0 /home/ubuntu/workspace/cst336/Hw/hw4/api/saveData.php(21): PDOStatement->fetch(2)
#1 {main}
  thrown in /home/ubuntu/workspace/cst336/Hw/hw4/api/saveData.php on line 21
[22-Apr-2019 22:20:17 UTC] PHP Fatal error:  Uncaught exception 'PDOException' with message 'SQLSTATE[HY000]: General error' in /home/ubuntu/workspace/cst336/Hw/hw4/api/saveData.php:21
Stack trace:
#0 /home/ubuntu/workspace/cst336/Hw/hw4/api/saveData.php(21): PDOStatement->fetch(2)
#1 {main}
  thrown in /home/ubuntu/workspace/cst336/Hw/hw4/api/saveData.php on line 21
[22-Apr-2019 22:20:37 UTC] PHP Fatal error:  Uncaught exception 'PDOException' with message 'SQLSTATE[HY000]: General error' in /home/ubuntu/workspace/cst336/Hw/hw4/api/saveData.php:21
Stack trace:
#0 /home/ubuntu/workspace/cst336/Hw/hw4/api/saveData.php(21): PDOStatement->fetch(2)
#1 {main}
  thrown in /home/ubuntu/workspace/cst336/Hw/hw4/api/saveData.php on line 21
[22-Apr-2019 22:20:40 UTC] PHP Fatal error:  Uncaught exception 'PDOException' with message 'SQLSTATE[HY000]: General error' in /home/ubuntu/workspace/cst336/Hw/hw4/api/saveData.php:21
Stack trace:
#0 /home/ubuntu/workspace/cst336/Hw/hw4/api/saveData.php(21): PDOStatement->fetch(2)
#1 {main}
  thrown in /home/ubuntu/workspace/cst336/Hw/hw4/api/saveData.php on line 21
[22-Apr-2019 22:25:06 UTC] PHP Fatal error:  Uncaught exception 'PDOException' with message 'SQLSTATE[HY000]: General error' in /home/ubuntu/workspace/cst336/Hw/hw4/api/saveData.php:21
Stack trace:
#0 /home/ubuntu/workspace/cst336/Hw/hw4/api/saveData.php(21): PDOStatement->fetch(2)
#1 {main}
  thrown in /home/ubuntu/workspace/cst336/Hw/hw4/api/saveData.php on line 21
[22-Apr-2019 22:25:09 UTC] PHP Fatal error:  Uncaught exception 'PDOException' with message 'SQLSTATE[HY000]: General error' in /home/ubuntu/workspace/cst336/Hw/hw4/api/saveData.php:21
Stack trace:
#0 /home/ubuntu/workspace/cst336/Hw/hw4/api/saveData.php(21): PDOStatement->fetch(2)
#1 {main}
  thrown in /home/ubuntu/workspace/cst336/Hw/hw4/api/saveData.php on line 21
[22-Apr-2019 22:25:13 UTC] PHP Fatal error:  Uncaught exception 'PDOException' with message 'SQLSTATE[HY000]: General error' in /home/ubuntu/workspace/cst336/Hw/hw4/api/saveData.php:21
Stack trace:
#0 /home/ubuntu/workspace/cst336/Hw/hw4/api/saveData.php(21): PDOStatement->fetch(2)
#1 {main}
  thrown in /home/ubuntu/workspace/cst336/Hw/hw4/api/saveData.php on line 21
[22-Apr-2019 22:25:39 UTC] PHP Fatal error:  Uncaught exception 'PDOException' with message 'SQLSTATE[HY000]: General error' in /home/ubuntu/workspace/cst336/Hw/hw4/api/saveData.php:21
Stack trace:
#0 /home/ubuntu/workspace/cst336/Hw/hw4/api/saveData.php(21): PDOStatement->fetch(2)
#1 {main}
  thrown in /home/ubuntu/workspace/cst336/Hw/hw4/api/saveData.php on line 21
[22-Apr-2019 22:25:43 UTC] PHP Fatal error:  Uncaught exception 'PDOException' with message 'SQLSTATE[HY000]: General error' in /home/ubuntu/workspace/cst336/Hw/hw4/api/saveData.php:21
Stack trace:
#0 /home/ubuntu/workspace/cst336/Hw/hw4/api/saveData.php(21): PDOStatement->fetch(2)
#1 {main}
  thrown in /home/ubuntu/workspace/cst336/Hw/hw4/api/saveData.php on line 21
[22-Apr-2019 22:26:59 UTC] PHP Fatal error:  Uncaught exception 'PDOException' with message 'SQLSTATE[HY000]: General error' in /home/ubuntu/workspace/cst336/Hw/hw4/api/saveData.php:21
Stack trace:
#0 /home/ubuntu/workspace/cst336/Hw/hw4/api/saveData.php(21): PDOStatement->fetch(2)
#1 {main}
  thrown in /home/ubuntu/workspace/cst336/Hw/hw4/api/saveData.php on line 21
[22-Apr-2019 22:27:48 UTC] PHP Fatal error:  Uncaught exception 'PDOException' with message 'SQLSTATE[HY000]: General error' in /home/ubuntu/workspace/cst336/Hw/hw4/api/saveData.php:21
Stack trace:
#0 /home/ubuntu/workspace/cst336/Hw/hw4/api/saveData.php(21): PDOStatement->fetch(2)
#1 {main}
  thrown in /home/ubuntu/workspace/cst336/Hw/hw4/api/saveData.php on line 21
[22-Apr-2019 22:29:26 UTC] PHP Fatal error:  Uncaught exception 'PDOException' with message 'SQLSTATE[23000]: Integrity constraint violation: 1048 Column 'weather' cannot be null' in /home/ubuntu/workspace/cst336/Hw/hw4/api/saveData.php:17
Stack trace:
#0 /home/ubuntu/workspace/cst336/Hw/hw4/api/saveData.php(17): PDOStatement->execute(Array)
#1 {main}
  thrown in /home/ubuntu/workspace/cst336/Hw/hw4/api/saveData.php on line 17
[22-Apr-2019 22:29:27 UTC] PHP Fatal error:  Uncaught exception 'PDOException' with message 'SQLSTATE[HY000]: General error' in /home/ubuntu/workspace/cst336/Hw/hw4/api/saveData.php:21
Stack trace:
#0 /home/ubuntu/workspace/cst336/Hw/hw4/api/saveData.php(21): PDOStatement->fetch(2)
#1 {main}
  thrown in /home/ubuntu/workspace/cst336/Hw/hw4/api/saveData.php on line 21
[22-Apr-2019 22:29:30 UTC] PHP Fatal error:  Uncaught exception 'PDOException' with message 'SQLSTATE[23000]: Integrity constraint violation: 1048 Column 'weather' cannot be null' in /home/ubuntu/workspace/cst336/Hw/hw4/api/saveData.php:17
Stack trace:
#0 /home/ubuntu/workspace/cst336/Hw/hw4/api/saveData.php(17): PDOStatement->execute(Array)
#1 {main}
  thrown in /home/ubuntu/workspace/cst336/Hw/hw4/api/saveData.php on line 17
[22-Apr-2019 22:29:30 UTC] PHP Fatal error:  Uncaught exception 'PDOException' with message 'SQLSTATE[HY000]: General error' in /home/ubuntu/workspace/cst336/Hw/hw4/api/saveData.php:21
Stack trace:
#0 /home/ubuntu/workspace/cst336/Hw/hw4/api/saveData.php(21): PDOStatement->fetch(2)
#1 {main}
  thrown in /home/ubuntu/workspace/cst336/Hw/hw4/api/saveData.php on line 21
[22-Apr-2019 22:29:35 UTC] PHP Fatal error:  Uncaught exception 'PDOException' with message 'SQLSTATE[23000]: Integrity constraint violation: 1048 Column 'weather' cannot be null' in /home/ubuntu/workspace/cst336/Hw/hw4/api/saveData.php:17
Stack trace:
#0 /home/ubuntu/workspace/cst336/Hw/hw4/api/saveData.php(17): PDOStatement->execute(Array)
#1 {main}
  thrown in /home/ubuntu/workspace/cst336/Hw/hw4/api/saveData.php on line 17
[22-Apr-2019 22:29:35 UTC] PHP Fatal error:  Uncaught exception 'PDOException' with message 'SQLSTATE[HY000]: General error' in /home/ubuntu/workspace/cst336/Hw/hw4/api/saveData.php:21
Stack trace:
#0 /home/ubuntu/workspace/cst336/Hw/hw4/api/saveData.php(21): PDOStatement->fetch(2)
#1 {main}
  thrown in /home/ubuntu/workspace/cst336/Hw/hw4/api/saveData.php on line 21
[22-Apr-2019 22:29:43 UTC] PHP Fatal error:  Uncaught exception 'PDOException' with message 'SQLSTATE[23000]: Integrity constraint violation: 1048 Column 'weather' cannot be null' in /home/ubuntu/workspace/cst336/Hw/hw4/api/saveData.php:17
Stack trace:
#0 /home/ubuntu/workspace/cst336/Hw/hw4/api/saveData.php(17): PDOStatement->execute(Array)
#1 {main}
  thrown in /home/ubuntu/workspace/cst336/Hw/hw4/api/saveData.php on line 17
[22-Apr-2019 22:29:43 UTC] PHP Fatal error:  Uncaught exception 'PDOException' with message 'SQLSTATE[HY000]: General error' in /home/ubuntu/workspace/cst336/Hw/hw4/api/saveData.php:21
Stack trace:
#0 /home/ubuntu/workspace/cst336/Hw/hw4/api/saveData.php(21): PDOStatement->fetch(2)
#1 {main}
  thrown in /home/ubuntu/workspace/cst336/Hw/hw4/api/saveData.php on line 21
[22-Apr-2019 22:30:48 UTC] PHP Fatal error:  Uncaught exception 'PDOException' with message 'SQLSTATE[42S22]: Column not found: 1054 Unknown column 'id - 1' in 'order clause'' in /home/ubuntu/workspace/cst336/Hw/hw4/api/getData.php:9
Stack trace:
#0 /home/ubuntu/workspace/cst336/Hw/hw4/api/getData.php(9): PDOStatement->execute()
#1 {main}
  thrown in /home/ubuntu/workspace/cst336/Hw/hw4/api/getData.php on line 9
[22-Apr-2019 22:30:48 UTC] PHP Fatal error:  Uncaught exception 'PDOException' with message 'SQLSTATE[23000]: Integrity constraint violation: 1048 Column 'weather' cannot be null' in /home/ubuntu/workspace/cst336/Hw/hw4/api/saveData.php:17
Stack trace:
#0 /home/ubuntu/workspace/cst336/Hw/hw4/api/saveData.php(17): PDOStatement->execute(Array)
#1 {main}
  thrown in /home/ubuntu/workspace/cst336/Hw/hw4/api/saveData.php on line 17
[22-Apr-2019 22:30:49 UTC] PHP Fatal error:  Uncaught exception 'PDOException' with message 'SQLSTATE[HY000]: General error' in /home/ubuntu/workspace/cst336/Hw/hw4/api/saveData.php:21
Stack trace:
#0 /home/ubuntu/workspace/cst336/Hw/hw4/api/saveData.php(21): PDOStatement->fetch(2)
#1 {main}
  thrown in /home/ubuntu/workspace/cst336/Hw/hw4/api/saveData.php on line 21
[22-Apr-2019 22:55:43 UTC] PHP Fatal error:  Uncaught exception 'PDOException' with message 'SQLSTATE[23000]: Integrity constraint violation: 1048 Column 'weather' cannot be null' in /home/ubuntu/workspace/cst336/Hw/hw4/api/saveData.php:17
Stack trace:
#0 /home/ubuntu/workspace/cst336/Hw/hw4/api/saveData.php(17): PDOStatement->execute(Array)
#1 {main}
  thrown in /home/ubuntu/workspace/cst336/Hw/hw4/api/saveData.php on line 17
[22-Apr-2019 22:55:43 UTC] PHP Fatal error:  Uncaught exception 'PDOException' with message 'SQLSTATE[HY000]: General error' in /home/ubuntu/workspace/cst336/Hw/hw4/api/saveData.php:21
Stack trace:
#0 /home/ubuntu/workspace/cst336/Hw/hw4/api/saveData.php(21): PDOStatement->fetch(2)
#1 {main}
  thrown in /home/ubuntu/workspace/cst336/Hw/hw4/api/saveData.php on line 21
[22-Apr-2019 22:55:50 UTC] PHP Fatal error:  Uncaught exception 'PDOException' with message 'SQLSTATE[23000]: Integrity constraint violation: 1048 Column 'weather' cannot be null' in /home/ubuntu/workspace/cst336/Hw/hw4/api/saveData.php:17
Stack trace:
#0 /home/ubuntu/workspace/cst336/Hw/hw4/api/saveData.php(17): PDOStatement->execute(Array)
#1 {main}
  thrown in /home/ubuntu/workspace/cst336/Hw/hw4/api/saveData.php on line 17
[22-Apr-2019 22:55:50 UTC] PHP Fatal error:  Uncaught exception 'PDOException' with message 'SQLSTATE[HY000]: General error' in /home/ubuntu/workspace/cst336/Hw/hw4/api/saveData.php:21
Stack trace:
#0 /home/ubuntu/workspace/cst336/Hw/hw4/api/saveData.php(21): PDOStatement->fetch(2)
#1 {main}
  thrown in /home/ubuntu/workspace/cst336/Hw/hw4/api/saveData.php on line 21
[22-Apr-2019 22:55:53 UTC] PHP Fatal error:  Uncaught exception 'PDOException' with message 'SQLSTATE[23000]: Integrity constraint violation: 1048 Column 'weather' cannot be null' in /home/ubuntu/workspace/cst336/Hw/hw4/api/saveData.php:17
Stack trace:
#0 /home/ubuntu/workspace/cst336/Hw/hw4/api/saveData.php(17): PDOStatement->execute(Array)
#1 {main}
  thrown in /home/ubuntu/workspace/cst336/Hw/hw4/api/saveData.php on line 17
[22-Apr-2019 22:55:54 UTC] PHP Fatal error:  Uncaught exception 'PDOException' with message 'SQLSTATE[HY000]: General error' in /home/ubuntu/workspace/cst336/Hw/hw4/api/saveData.php:21
Stack trace:
#0 /home/ubuntu/workspace/cst336/Hw/hw4/api/saveData.php(21): PDOStatement->fetch(2)
#1 {main}
  thrown in /home/ubuntu/workspace/cst336/Hw/hw4/api/saveData.php on line 21
[22-Apr-2019 22:56:08 UTC] PHP Fatal error:  Uncaught exception 'PDOException' with message 'SQLSTATE[23000]: Integrity constraint violation: 1048 Column 'weather' cannot be null' in /home/ubuntu/workspace/cst336/Hw/hw4/api/saveData.php:17
Stack trace:
#0 /home/ubuntu/workspace/cst336/Hw/hw4/api/saveData.php(17): PDOStatement->execute(Array)
#1 {main}
  thrown in /home/ubuntu/workspace/cst336/Hw/hw4/api/saveData.php on line 17
[22-Apr-2019 22:56:08 UTC] PHP Fatal error:  Uncaught exception 'PDOException' with message 'SQLSTATE[HY000]: General error' in /home/ubuntu/workspace/cst336/Hw/hw4/api/saveData.php:21
Stack trace:
#0 /home/ubuntu/workspace/cst336/Hw/hw4/api/saveData.php(21): PDOStatement->fetch(2)
#1 {main}
  thrown in /home/ubuntu/workspace/cst336/Hw/hw4/api/saveData.php on line 21
[22-Apr-2019 22:59:43 UTC] PHP Fatal error:  Uncaught exception 'PDOException' with message 'SQLSTATE[23000]: Integrity constraint violation: 1048 Column 'weather' cannot be null' in /home/ubuntu/workspace/cst336/Hw/hw4/api/saveData.php:17
Stack trace:
#0 /home/ubuntu/workspace/cst336/Hw/hw4/api/saveData.php(17): PDOStatement->execute(Array)
#1 {main}
  thrown in /home/ubuntu/workspace/cst336/Hw/hw4/api/saveData.php on line 17
[22-Apr-2019 22:59:49 UTC] PHP Fatal error:  Uncaught exception 'PDOException' with message 'SQLSTATE[23000]: Integrity constraint violation: 1048 Column 'weather' cannot be null' in /home/ubuntu/workspace/cst336/Hw/hw4/api/saveData.php:17
Stack trace:
#0 /home/ubuntu/workspace/cst336/Hw/hw4/api/saveData.php(17): PDOStatement->execute(Array)
#1 {main}
  thrown in /home/ubuntu/workspace/cst336/Hw/hw4/api/saveData.php on line 17
[22-Apr-2019 23:11:42 UTC] PHP Fatal error:  Uncaught exception 'PDOException' with message 'SQLSTATE[23000]: Integrity constraint violation: 1048 Column 'weather' cannot be null' in /home/ubuntu/workspace/cst336/Hw/hw4/api/saveData.php:17
Stack trace:
#0 /home/ubuntu/workspace/cst336/Hw/hw4/api/saveData.php(17): PDOStatement->execute(Array)
#1 {main}
  thrown in /home/ubuntu/workspace/cst336/Hw/hw4/api/saveData.php on line 17
[22-Apr-2019 23:11:44 UTC] PHP Fatal error:  Uncaught exception 'PDOException' with message 'SQLSTATE[23000]: Integrity constraint violation: 1048 Column 'weather' cannot be null' in /home/ubuntu/workspace/cst336/Hw/hw4/api/saveData.php:17
Stack trace:
#0 /home/ubuntu/workspace/cst336/Hw/hw4/api/saveData.php(17): PDOStatement->execute(Array)
#1 {main}
  thrown in /home/ubuntu/workspace/cst336/Hw/hw4/api/saveData.php on line 17
[22-Apr-2019 23:18:08 UTC] PHP Fatal error:  Uncaught exception 'PDOException' with message 'SQLSTATE[23000]: Integrity constraint violation: 1048 Column 'weather' cannot be null' in /home/ubuntu/workspace/cst336/Hw/hw4/api/saveData.php:17
Stack trace:
#0 /home/ubuntu/workspace/cst336/Hw/hw4/api/saveData.php(17): PDOStatement->execute(Array)
#1 {main}
  thrown in /home/ubuntu/workspace/cst336/Hw/hw4/api/saveData.php on line 17
[22-Apr-2019 23:18:11 UTC] PHP Fatal error:  Uncaught exception 'PDOException' with message 'SQLSTATE[23000]: Integrity constraint violation: 1048 Column 'weather' cannot be null' in /home/ubuntu/workspace/cst336/Hw/hw4/api/saveData.php:17
Stack trace:
#0 /home/ubuntu/workspace/cst336/Hw/hw4/api/saveData.php(17): PDOStatement->execute(Array)
#1 {main}
  thrown in /home/ubuntu/workspace/cst336/Hw/hw4/api/saveData.php on line 17
[22-Apr-2019 23:18:25 UTC] PHP Fatal error:  Uncaught exception 'PDOException' with message 'SQLSTATE[23000]: Integrity constraint violation: 1048 Column 'weather' cannot be null' in /home/ubuntu/workspace/cst336/Hw/hw4/api/saveData.php:17
Stack trace:
#0 /home/ubuntu/workspace/cst336/Hw/hw4/api/saveData.php(17): PDOStatement->execute(Array)
#1 {main}
  thrown in /home/ubuntu/workspace/cst336/Hw/hw4/api/saveData.php on line 17
[22-Apr-2019 23:18:29 UTC] PHP Fatal error:  Uncaught exception 'PDOException' with message 'SQLSTATE[23000]: Integrity constraint violation: 1048 Column 'weather' cannot be null' in /home/ubuntu/workspace/cst336/Hw/hw4/api/saveData.php:17
Stack trace:
#0 /home/ubuntu/workspace/cst336/Hw/hw4/api/saveData.php(17): PDOStatement->execute(Array)
#1 {main}
  thrown in /home/ubuntu/workspace/cst336/Hw/hw4/api/saveData.php on line 17
[22-Apr-2019 23:39:11 UTC] PHP Fatal error:  Uncaught exception 'PDOException' with message 'SQLSTATE[23000]: Integrity constraint violation: 1048 Column 'weather' cannot be null' in /home/ubuntu/workspace/cst336/Hw/hw4/api/saveData.php:17
Stack trace:
#0 /home/ubuntu/workspace/cst336/Hw/hw4/api/saveData.php(17): PDOStatement->execute(Array)
#1 {main}
  thrown in /home/ubuntu/workspace/cst336/Hw/hw4/api/saveData.php on line 17
[22-Apr-2019 23:39:13 UTC] PHP Fatal error:  Uncaught exception 'PDOException' with message 'SQLSTATE[23000]: Integrity constraint violation: 1048 Column 'weather' cannot be null' in /home/ubuntu/workspace/cst336/Hw/hw4/api/saveData.php:17
Stack trace:
#0 /home/ubuntu/workspace/cst336/Hw/hw4/api/saveData.php(17): PDOStatement->execute(Array)
#1 {main}
  thrown in /home/ubuntu/workspace/cst336/Hw/hw4/api/saveData.php on line 17
[22-Apr-2019 23:39:19 UTC] PHP Fatal error:  Uncaught exception 'PDOException' with message 'SQLSTATE[23000]: Integrity constraint violation: 1048 Column 'weather' cannot be null' in /home/ubuntu/workspace/cst336/Hw/hw4/api/saveData.php:17
Stack trace:
#0 /home/ubuntu/workspace/cst336/Hw/hw4/api/saveData.php(17): PDOStatement->execute(Array)
#1 {main}
  thrown in /home/ubuntu/workspace/cst336/Hw/hw4/api/saveData.php on line 17
[22-Apr-2019 23:39:46 UTC] PHP Fatal error:  Uncaught exception 'PDOException' with message 'SQLSTATE[23000]: Integrity constraint violation: 1048 Column 'weather' cannot be null' in /home/ubuntu/workspace/cst336/Hw/hw4/api/saveData.php:17
Stack trace:
#0 /home/ubuntu/workspace/cst336/Hw/hw4/api/saveData.php(17): PDOStatement->execute(Array)
#1 {main}
  thrown in /home/ubuntu/workspace/cst336/Hw/hw4/api/saveData.php on line 17
[22-Apr-2019 23:39:51 UTC] PHP Fatal error:  Uncaught exception 'PDOException' with message 'SQLSTATE[23000]: Integrity constraint violation: 1048 Column 'weather' cannot be null' in /home/ubuntu/workspace/cst336/Hw/hw4/api/saveData.php:17
Stack trace:
#0 /home/ubuntu/workspace/cst336/Hw/hw4/api/saveData.php(17): PDOStatement->execute(Array)
#1 {main}
  thrown in /home/ubuntu/workspace/cst336/Hw/hw4/api/saveData.php on line 17
[22-Apr-2019 23:39:55 UTC] PHP Fatal error:  Uncaught exception 'PDOException' with message 'SQLSTATE[23000]: Integrity constraint violation: 1048 Column 'weather' cannot be null' in /home/ubuntu/workspace/cst336/Hw/hw4/api/saveData.php:17
Stack trace:
#0 /home/ubuntu/workspace/cst336/Hw/hw4/api/saveData.php(17): PDOStatement->execute(Array)
#1 {main}
  thrown in /home/ubuntu/workspace/cst336/Hw/hw4/api/saveData.php on line 17
[22-Apr-2019 23:39:57 UTC] PHP Fatal error:  Uncaught exception 'PDOException' with message 'SQLSTATE[23000]: Integrity constraint violation: 1048 Column 'weather' cannot be null' in /home/ubuntu/workspace/cst336/Hw/hw4/api/saveData.php:17
Stack trace:
#0 /home/ubuntu/workspace/cst336/Hw/hw4/api/saveData.php(17): PDOStatement->execute(Array)
#1 {main}
  thrown in /home/ubuntu/workspace/cst336/Hw/hw4/api/saveData.php on line 17
[22-Apr-2019 23:40:56 UTC] PHP Fatal error:  Uncaught exception 'PDOException' with message 'SQLSTATE[23000]: Integrity constraint violation: 1048 Column 'weather' cannot be null' in /home/ubuntu/workspace/cst336/Hw/hw4/api/saveData.php:17
Stack trace:
#0 /home/ubuntu/workspace/cst336/Hw/hw4/api/saveData.php(17): PDOStatement->execute(Array)
#1 {main}
  thrown in /home/ubuntu/workspace/cst336/Hw/hw4/api/saveData.php on line 17
[22-Apr-2019 23:49:04 UTC] PHP Fatal error:  Uncaught exception 'PDOException' with message 'SQLSTATE[23000]: Integrity constraint violation: 1048 Column 'weather' cannot be null' in /home/ubuntu/workspace/cst336/Hw/hw4/api/saveData.php:17
Stack trace:
#0 /home/ubuntu/workspace/cst336/Hw/hw4/api/saveData.php(17): PDOStatement->execute(Array)
#1 {main}
  thrown in /home/ubuntu/workspace/cst336/Hw/hw4/api/saveData.php on line 17
[22-Apr-2019 23:49:09 UTC] PHP Fatal error:  Uncaught exception 'PDOException' with message 'SQLSTATE[23000]: Integrity constraint violation: 1048 Column 'weather' cannot be null' in /home/ubuntu/workspace/cst336/Hw/hw4/api/saveData.php:17
Stack trace:
#0 /home/ubuntu/workspace/cst336/Hw/hw4/api/saveData.php(17): PDOStatement->execute(Array)
#1 {main}
  thrown in /home/ubuntu/workspace/cst336/Hw/hw4/api/saveData.php on line 17
[22-Apr-2019 23:49:17 UTC] PHP Fatal error:  Uncaught exception 'PDOException' with message 'SQLSTATE[23000]: Integrity constraint violation: 1048 Column 'weather' cannot be null' in /home/ubuntu/workspace/cst336/Hw/hw4/api/saveData.php:17
Stack trace:
#0 /home/ubuntu/workspace/cst336/Hw/hw4/api/saveData.php(17): PDOStatement->execute(Array)
#1 {main}
  thrown in /home/ubuntu/workspace/cst336/Hw/hw4/api/saveData.php on line 17
[22-Apr-2019 23:53:53 UTC] PHP Fatal error:  Uncaught exception 'PDOException' with message 'SQLSTATE[HY000]: General error' in /home/ubuntu/workspace/cst336/Hw/hw4/api/saveData.php:21
Stack trace:
#0 /home/ubuntu/workspace/cst336/Hw/hw4/api/saveData.php(21): PDOStatement->fetch(2)
#1 {main}
  thrown in /home/ubuntu/workspace/cst336/Hw/hw4/api/saveData.php on line 21
[22-Apr-2019 23:54:00 UTC] PHP Fatal error:  Uncaught exception 'PDOException' with message 'SQLSTATE[HY000]: General error' in /home/ubuntu/workspace/cst336/Hw/hw4/api/saveData.php:21
Stack trace:
#0 /home/ubuntu/workspace/cst336/Hw/hw4/api/saveData.php(21): PDOStatement->fetch(2)
#1 {main}
  thrown in /home/ubuntu/workspace/cst336/Hw/hw4/api/saveData.php on line 21
[22-Apr-2019 23:54:04 UTC] PHP Fatal error:  Uncaught exception 'PDOException' with message 'SQLSTATE[HY000]: General error' in /home/ubuntu/workspace/cst336/Hw/hw4/api/saveData.php:21
Stack trace:
#0 /home/ubuntu/workspace/cst336/Hw/hw4/api/saveData.php(21): PDOStatement->fetch(2)
#1 {main}
  thrown in /home/ubuntu/workspace/cst336/Hw/hw4/api/saveData.php on line 21
[22-Apr-2019 23:54:04 UTC] PHP Fatal error:  Uncaught exception 'PDOException' with message 'SQLSTATE[HY000]: General error' in /home/ubuntu/workspace/cst336/Hw/hw4/api/saveData.php:21
Stack trace:
#0 /home/ubuntu/workspace/cst336/Hw/hw4/api/saveData.php(21): PDOStatement->fetch(2)
#1 {main}
  thrown in /home/ubuntu/workspace/cst336/Hw/hw4/api/saveData.php on line 21
[22-Apr-2019 23:54:04 UTC] PHP Fatal error:  Uncaught exception 'PDOException' with message 'SQLSTATE[HY000]: General error' in /home/ubuntu/workspace/cst336/Hw/hw4/api/saveData.php:21
Stack trace:
#0 /home/ubuntu/workspace/cst336/Hw/hw4/api/saveData.php(21): PDOStatement->fetch(2)
#1 {main}
  thrown in /home/ubuntu/workspace/cst336/Hw/hw4/api/saveData.php on line 21
[22-Apr-2019 23:56:16 UTC] PHP Fatal error:  Uncaught exception 'PDOException' with message 'SQLSTATE[23000]: Integrity constraint violation: 1048 Column 'weather' cannot be null' in /home/ubuntu/workspace/cst336/Hw/hw4/api/saveData.php:17
Stack trace:
#0 /home/ubuntu/workspace/cst336/Hw/hw4/api/saveData.php(17): PDOStatement->execute(Array)
#1 {main}
  thrown in /home/ubuntu/workspace/cst336/Hw/hw4/api/saveData.php on line 17
[22-Apr-2019 23:56:18 UTC] PHP Fatal error:  Uncaught exception 'PDOException' with message 'SQLSTATE[23000]: Integrity constraint violation: 1048 Column 'weather' cannot be null' in /home/ubuntu/workspace/cst336/Hw/hw4/api/saveData.php:17
Stack trace:
#0 /home/ubuntu/workspace/cst336/Hw/hw4/api/saveData.php(17): PDOStatement->execute(Array)
#1 {main}
  thrown in /home/ubuntu/workspace/cst336/Hw/hw4/api/saveData.php on line 17
[22-Apr-2019 23:56:19 UTC] PHP Fatal error:  Uncaught exception 'PDOException' with message 'SQLSTATE[23000]: Integrity constraint violation: 1048 Column 'weather' cannot be null' in /home/ubuntu/workspace/cst336/Hw/hw4/api/saveData.php:17
Stack trace:
#0 /home/ubuntu/workspace/cst336/Hw/hw4/api/saveData.php(17): PDOStatement->execute(Array)
#1 {main}
  thrown in /home/ubuntu/workspace/cst336/Hw/hw4/api/saveData.php on line 17
[22-Apr-2019 23:56:35 UTC] PHP Fatal error:  Uncaught exception 'PDOException' with message 'SQLSTATE[23000]: Integrity constraint violation: 1048 Column 'weather' cannot be null' in /home/ubuntu/workspace/cst336/Hw/hw4/api/saveData.php:17
Stack trace:
#0 /home/ubuntu/workspace/cst336/Hw/hw4/api/saveData.php(17): PDOStatement->execute(Array)
#1 {main}
  thrown in /home/ubuntu/workspace/cst336/Hw/hw4/api/saveData.php on line 17
[22-Apr-2019 23:56:44 UTC] PHP Fatal error:  Uncaught exception 'PDOException' with message 'SQLSTATE[23000]: Integrity constraint violation: 1048 Column 'weather' cannot be null' in /home/ubuntu/workspace/cst336/Hw/hw4/api/saveData.php:17
Stack trace:
#0 /home/ubuntu/workspace/cst336/Hw/hw4/api/saveData.php(17): PDOStatement->execute(Array)
#1 {main}
  thrown in /home/ubuntu/workspace/cst336/Hw/hw4/api/saveData.php on line 17
[22-Apr-2019 23:57:01 UTC] PHP Fatal error:  Uncaught exception 'PDOException' with message 'SQLSTATE[23000]: Integrity constraint violation: 1048 Column 'weather' cannot be null' in /home/ubuntu/workspace/cst336/Hw/hw4/api/saveData.php:17
Stack trace:
#0 /home/ubuntu/workspace/cst336/Hw/hw4/api/saveData.php(17): PDOStatement->execute(Array)
#1 {main}
  thrown in /home/ubuntu/workspace/cst336/Hw/hw4/api/saveData.php on line 17
[22-Apr-2019 23:57:02 UTC] PHP Fatal error:  Uncaught exception 'PDOException' with message 'SQLSTATE[23000]: Integrity constraint violation: 1048 Column 'weather' cannot be null' in /home/ubuntu/workspace/cst336/Hw/hw4/api/saveData.php:17
Stack trace:
#0 /home/ubuntu/workspace/cst336/Hw/hw4/api/saveData.php(17): PDOStatement->execute(Array)
#1 {main}
  thrown in /home/ubuntu/workspace/cst336/Hw/hw4/api/saveData.php on line 17
[22-Apr-2019 23:57:03 UTC] PHP Fatal error:  Uncaught exception 'PDOException' with message 'SQLSTATE[23000]: Integrity constraint violation: 1048 Column 'weather' cannot be null' in /home/ubuntu/workspace/cst336/Hw/hw4/api/saveData.php:17
Stack trace:
#0 /home/ubuntu/workspace/cst336/Hw/hw4/api/saveData.php(17): PDOStatement->execute(Array)
#1 {main}
  thrown in /home/ubuntu/workspace/cst336/Hw/hw4/api/saveData.php on line 17
[22-Apr-2019 23:57:24 UTC] PHP Fatal error:  Uncaught exception 'PDOException' with message 'SQLSTATE[23000]: Integrity constraint violation: 1048 Column 'weather' cannot be null' in /home/ubuntu/workspace/cst336/Hw/hw4/api/saveData.php:17
Stack trace:
#0 /home/ubuntu/workspace/cst336/Hw/hw4/api/saveData.php(17): PDOStatement->execute(Array)
#1 {main}
  thrown in /home/ubuntu/workspace/cst336/Hw/hw4/api/saveData.php on line 17
[22-Apr-2019 23:57:41 UTC] PHP Fatal error:  Uncaught exception 'PDOException' with message 'SQLSTATE[23000]: Integrity constraint violation: 1048 Column 'weather' cannot be null' in /home/ubuntu/workspace/cst336/Hw/hw4/api/saveData.php:17
Stack trace:
#0 /home/ubuntu/workspace/cst336/Hw/hw4/api/saveData.php(17): PDOStatement->execute(Array)
#1 {main}
  thrown in /home/ubuntu/workspace/cst336/Hw/hw4/api/saveData.php on line 17
[22-Apr-2019 23:57:52 UTC] PHP Fatal error:  Uncaught exception 'PDOException' with message 'SQLSTATE[23000]: Integrity constraint violation: 1048 Column 'weather' cannot be null' in /home/ubuntu/workspace/cst336/Hw/hw4/api/saveData.php:17
Stack trace:
#0 /home/ubuntu/workspace/cst336/Hw/hw4/api/saveData.php(17): PDOStatement->execute(Array)
#1 {main}
  thrown in /home/ubuntu/workspace/cst336/Hw/hw4/api/saveData.php on line 17
[22-Apr-2019 23:57:55 UTC] PHP Fatal error:  Uncaught exception 'PDOException' with message 'SQLSTATE[23000]: Integrity constraint violation: 1048 Column 'weather' cannot be null' in /home/ubuntu/workspace/cst336/Hw/hw4/api/saveData.php:17
Stack trace:
#0 /home/ubuntu/workspace/cst336/Hw/hw4/api/saveData.php(17): PDOStatement->execute(Array)
#1 {main}
  thrown in /home/ubuntu/workspace/cst336/Hw/hw4/api/saveData.php on line 17
[22-Apr-2019 23:58:03 UTC] PHP Fatal error:  Uncaught exception 'PDOException' with message 'SQLSTATE[23000]: Integrity constraint violation: 1048 Column 'weather' cannot be null' in /home/ubuntu/workspace/cst336/Hw/hw4/api/saveData.php:17
Stack trace:
#0 /home/ubuntu/workspace/cst336/Hw/hw4/api/saveData.php(17): PDOStatement->execute(Array)
#1 {main}
  thrown in /home/ubuntu/workspace/cst336/Hw/hw4/api/saveData.php on line 17
[22-Apr-2019 23:58:05 UTC] PHP Fatal error:  Uncaught exception 'PDOException' with message 'SQLSTATE[23000]: Integrity constraint violation: 1048 Column 'weather' cannot be null' in /home/ubuntu/workspace/cst336/Hw/hw4/api/saveData.php:17
Stack trace:
#0 /home/ubuntu/workspace/cst336/Hw/hw4/api/saveData.php(17): PDOStatement->execute(Array)
#1 {main}
  thrown in /home/ubuntu/workspace/cst336/Hw/hw4/api/saveData.php on line 17
[22-Apr-2019 23:58:17 UTC] PHP Fatal error:  Uncaught exception 'PDOException' with message 'SQLSTATE[23000]: Integrity constraint violation: 1048 Column 'weather' cannot be null' in /home/ubuntu/workspace/cst336/Hw/hw4/api/saveData.php:17
Stack trace:
#0 /home/ubuntu/workspace/cst336/Hw/hw4/api/saveData.php(17): PDOStatement->execute(Array)
#1 {main}
  thrown in /home/ubuntu/workspace/cst336/Hw/hw4/api/saveData.php on line 17
[22-Apr-2019 23:58:52 UTC] PHP Fatal error:  Uncaught exception 'PDOException' with message 'SQLSTATE[23000]: Integrity constraint violation: 1048 Column 'weather' cannot be null' in /home/ubuntu/workspace/cst336/Hw/hw4/api/saveData.php:17
Stack trace:
#0 /home/ubuntu/workspace/cst336/Hw/hw4/api/saveData.php(17): PDOStatement->execute(Array)
#1 {main}
  thrown in /home/ubuntu/workspace/cst336/Hw/hw4/api/saveData.php on line 17
[22-Apr-2019 23:58:52 UTC] PHP Fatal error:  Uncaught exception 'PDOException' with message 'SQLSTATE[23000]: Integrity constraint violation: 1048 Column 'weather' cannot be null' in /home/ubuntu/workspace/cst336/Hw/hw4/api/saveData.php:17
Stack trace:
#0 /home/ubuntu/workspace/cst336/Hw/hw4/api/saveData.php(17): PDOStatement->execute(Array)
#1 {main}
  thrown in /home/ubuntu/workspace/cst336/Hw/hw4/api/saveData.php on line 17
[23-Apr-2019 00:00:07 UTC] PHP Fatal error:  Uncaught exception 'PDOException' with message 'SQLSTATE[23000]: Integrity constraint violation: 1048 Column 'weather' cannot be null' in /home/ubuntu/workspace/cst336/Hw/hw4/api/saveData.php:17
Stack trace:
#0 /home/ubuntu/workspace/cst336/Hw/hw4/api/saveData.php(17): PDOStatement->execute(Array)
#1 {main}
  thrown in /home/ubuntu/workspace/cst336/Hw/hw4/api/saveData.php on line 17
[23-Apr-2019 00:00:57 UTC] PHP Fatal error:  Uncaught exception 'PDOException' with message 'SQLSTATE[23000]: Integrity constraint violation: 1048 Column 'weather' cannot be null' in /home/ubuntu/workspace/cst336/Hw/hw4/api/saveData.php:17
Stack trace:
#0 /home/ubuntu/workspace/cst336/Hw/hw4/api/saveData.php(17): PDOStatement->execute(Array)
#1 {main}
  thrown in /home/ubuntu/workspace/cst336/Hw/hw4/api/saveData.php on line 17
[23-Apr-2019 00:01:01 UTC] PHP Fatal error:  Uncaught exception 'PDOException' with message 'SQLSTATE[23000]: Integrity constraint violation: 1048 Column 'weather' cannot be null' in /home/ubuntu/workspace/cst336/Hw/hw4/api/saveData.php:17
Stack trace:
#0 /home/ubuntu/workspace/cst336/Hw/hw4/api/saveData.php(17): PDOStatement->execute(Array)
#1 {main}
  thrown in /home/ubuntu/workspace/cst336/Hw/hw4/api/saveData.php on line 17
[23-Apr-2019 00:01:08 UTC] PHP Fatal error:  Uncaught exception 'PDOException' with message 'SQLSTATE[23000]: Integrity constraint violation: 1048 Column 'weather' cannot be null' in /home/ubuntu/workspace/cst336/Hw/hw4/api/saveData.php:17
Stack trace:
#0 /home/ubuntu/workspace/cst336/Hw/hw4/api/saveData.php(17): PDOStatement->execute(Array)
#1 {main}
  thrown in /home/ubuntu/workspace/cst336/Hw/hw4/api/saveData.php on line 17
[23-Apr-2019 00:01:12 UTC] PHP Fatal error:  Uncaught exception 'PDOException' with message 'SQLSTATE[23000]: Integrity constraint violation: 1048 Column 'weather' cannot be null' in /home/ubuntu/workspace/cst336/Hw/hw4/api/saveData.php:17
Stack trace:
#0 /home/ubuntu/workspace/cst336/Hw/hw4/api/saveData.php(17): PDOStatement->execute(Array)
#1 {main}
  thrown in /home/ubuntu/workspace/cst336/Hw/hw4/api/saveData.php on line 17
[23-Apr-2019 00:01:18 UTC] PHP Fatal error:  Uncaught exception 'PDOException' with message 'SQLSTATE[23000]: Integrity constraint violation: 1048 Column 'weather' cannot be null' in /home/ubuntu/workspace/cst336/Hw/hw4/api/saveData.php:17
Stack trace:
#0 /home/ubuntu/workspace/cst336/Hw/hw4/api/saveData.php(17): PDOStatement->execute(Array)
#1 {main}
  thrown in /home/ubuntu/workspace/cst336/Hw/hw4/api/saveData.php on line 17
[23-Apr-2019 00:01:24 UTC] PHP Fatal error:  Uncaught exception 'PDOException' with message 'SQLSTATE[23000]: Integrity constraint violation: 1048 Column 'weather' cannot be null' in /home/ubuntu/workspace/cst336/Hw/hw4/api/saveData.php:17
Stack trace:
#0 /home/ubuntu/workspace/cst336/Hw/hw4/api/saveData.php(17): PDOStatement->execute(Array)
#1 {main}
  thrown in /home/ubuntu/workspace/cst336/Hw/hw4/api/saveData.php on line 17
[23-Apr-2019 00:01:25 UTC] PHP Fatal error:  Uncaught exception 'PDOException' with message 'SQLSTATE[23000]: Integrity constraint violation: 1048 Column 'weather' cannot be null' in /home/ubuntu/workspace/cst336/Hw/hw4/api/saveData.php:17
Stack trace:
#0 /home/ubuntu/workspace/cst336/Hw/hw4/api/saveData.php(17): PDOStatement->execute(Array)
#1 {main}
  thrown in /home/ubuntu/workspace/cst336/Hw/hw4/api/saveData.php on line 17
[23-Apr-2019 00:01:28 UTC] PHP Fatal error:  Uncaught exception 'PDOException' with message 'SQLSTATE[23000]: Integrity constraint violation: 1048 Column 'weather' cannot be null' in /home/ubuntu/workspace/cst336/Hw/hw4/api/saveData.php:17
Stack trace:
#0 /home/ubuntu/workspace/cst336/Hw/hw4/api/saveData.php(17): PDOStatement->execute(Array)
#1 {main}
  thrown in /home/ubuntu/workspace/cst336/Hw/hw4/api/saveData.php on line 17
[23-Apr-2019 00:01:28 UTC] PHP Fatal error:  Uncaught exception 'PDOException' with message 'SQLSTATE[23000]: Integrity constraint violation: 1048 Column 'weather' cannot be null' in /home/ubuntu/workspace/cst336/Hw/hw4/api/saveData.php:17
Stack trace:
#0 /home/ubuntu/workspace/cst336/Hw/hw4/api/saveData.php(17): PDOStatement->execute(Array)
#1 {main}
  thrown in /home/ubuntu/workspace/cst336/Hw/hw4/api/saveData.php on line 17
[23-Apr-2019 00:02:05 UTC] PHP Fatal error:  Uncaught exception 'PDOException' with message 'SQLSTATE[23000]: Integrity constraint violation: 1048 Column 'weather' cannot be null' in /home/ubuntu/workspace/cst336/Hw/hw4/api/saveData.php:17
Stack trace:
#0 /home/ubuntu/workspace/cst336/Hw/hw4/api/saveData.php(17): PDOStatement->execute(Array)
#1 {main}
  thrown in /home/ubuntu/workspace/cst336/Hw/hw4/api/saveData.php on line 17
[23-Apr-2019 00:02:08 UTC] PHP Fatal error:  Uncaught exception 'PDOException' with message 'SQLSTATE[23000]: Integrity constraint violation: 1048 Column 'weather' cannot be null' in /home/ubuntu/workspace/cst336/Hw/hw4/api/saveData.php:17
Stack trace:
#0 /home/ubuntu/workspace/cst336/Hw/hw4/api/saveData.php(17): PDOStatement->execute(Array)
#1 {main}
  thrown in /home/ubuntu/workspace/cst336/Hw/hw4/api/saveData.php on line 17
[23-Apr-2019 00:02:19 UTC] PHP Fatal error:  Uncaught exception 'PDOException' with message 'SQLSTATE[23000]: Integrity constraint violation: 1048 Column 'weather' cannot be null' in /home/ubuntu/workspace/cst336/Hw/hw4/api/saveData.php:17
Stack trace:
#0 /home/ubuntu/workspace/cst336/Hw/hw4/api/saveData.php(17): PDOStatement->execute(Array)
#1 {main}
  thrown in /home/ubuntu/workspace/cst336/Hw/hw4/api/saveData.php on line 17
[23-Apr-2019 00:02:21 UTC] PHP Fatal error:  Uncaught exception 'PDOException' with message 'SQLSTATE[23000]: Integrity constraint violation: 1048 Column 'weather' cannot be null' in /home/ubuntu/workspace/cst336/Hw/hw4/api/saveData.php:17
Stack trace:
#0 /home/ubuntu/workspace/cst336/Hw/hw4/api/saveData.php(17): PDOStatement->execute(Array)
#1 {main}
  thrown in /home/ubuntu/workspace/cst336/Hw/hw4/api/saveData.php on line 17
[23-Apr-2019 00:04:30 UTC] PHP Fatal error:  Uncaught exception 'PDOException' with message 'SQLSTATE[23000]: Integrity constraint violation: 1048 Column 'weather' cannot be null' in /home/ubuntu/workspace/cst336/Hw/hw4/api/saveData.php:17
Stack trace:
#0 /home/ubuntu/workspace/cst336/Hw/hw4/api/saveData.php(17): PDOStatement->execute(Array)
#1 {main}
  thrown in /home/ubuntu/workspace/cst336/Hw/hw4/api/saveData.php on line 17
[23-Apr-2019 00:04:42 UTC] PHP Fatal error:  Uncaught exception 'PDOException' with message 'SQLSTATE[23000]: Integrity constraint violation: 1048 Column 'weather' cannot be null' in /home/ubuntu/workspace/cst336/Hw/hw4/api/saveData.php:17
Stack trace:
#0 /home/ubuntu/workspace/cst336/Hw/hw4/api/saveData.php(17): PDOStatement->execute(Array)
#1 {main}
  thrown in /home/ubuntu/workspace/cst336/Hw/hw4/api/saveData.php on line 17
[23-Apr-2019 00:05:32 UTC] PHP Fatal error:  Uncaught exception 'PDOException' with message 'SQLSTATE[23000]: Integrity constraint violation: 1048 Column 'weather' cannot be null' in /home/ubuntu/workspace/cst336/Hw/hw4/api/saveData.php:17
Stack trace:
#0 /home/ubuntu/workspace/cst336/Hw/hw4/api/saveData.php(17): PDOStatement->execute(Array)
#1 {main}
  thrown in /home/ubuntu/workspace/cst336/Hw/hw4/api/saveData.php on line 17
[23-Apr-2019 00:08:24 UTC] PHP Fatal error:  Uncaught exception 'PDOException' with message 'SQLSTATE[23000]: Integrity constraint violation: 1048 Column 'weather' cannot be null' in /home/ubuntu/workspace/cst336/Hw/hw4/api/saveData.php:17
Stack trace:
#0 /home/ubuntu/workspace/cst336/Hw/hw4/api/saveData.php(17): PDOStatement->execute(Array)
#1 {main}
  thrown in /home/ubuntu/workspace/cst336/Hw/hw4/api/saveData.php on line 17
[23-Apr-2019 00:08:24 UTC] PHP Fatal error:  Uncaught exception 'PDOException' with message 'SQLSTATE[HY000]: General error' in /home/ubuntu/workspace/cst336/Hw/hw4/api/saveData.php:21
Stack trace:
#0 /home/ubuntu/workspace/cst336/Hw/hw4/api/saveData.php(21): PDOStatement->fetch(2)
#1 {main}
  thrown in /home/ubuntu/workspace/cst336/Hw/hw4/api/saveData.php on line 21
[23-Apr-2019 00:08:26 UTC] PHP Fatal error:  Uncaught exception 'PDOException' with message 'SQLSTATE[23000]: Integrity constraint violation: 1048 Column 'weather' cannot be null' in /home/ubuntu/workspace/cst336/Hw/hw4/api/saveData.php:17
Stack trace:
#0 /home/ubuntu/workspace/cst336/Hw/hw4/api/saveData.php(17): PDOStatement->execute(Array)
#1 {main}
  thrown in /home/ubuntu/workspace/cst336/Hw/hw4/api/saveData.php on line 17
[23-Apr-2019 00:08:27 UTC] PHP Fatal error:  Uncaught exception 'PDOException' with message 'SQLSTATE[HY000]: General error' in /home/ubuntu/workspace/cst336/Hw/hw4/api/saveData.php:21
Stack trace:
#0 /home/ubuntu/workspace/cst336/Hw/hw4/api/saveData.php(21): PDOStatement->fetch(2)
#1 {main}
  thrown in /home/ubuntu/workspace/cst336/Hw/hw4/api/saveData.php on line 21
[23-Apr-2019 00:09:09 UTC] PHP Fatal error:  Uncaught exception 'PDOException' with message 'SQLSTATE[23000]: Integrity constraint violation: 1048 Column 'weather' cannot be null' in /home/ubuntu/workspace/cst336/Hw/hw4/api/saveData.php:17
Stack trace:
#0 /home/ubuntu/workspace/cst336/Hw/hw4/api/saveData.php(17): PDOStatement->execute(Array)
#1 {main}
  thrown in /home/ubuntu/workspace/cst336/Hw/hw4/api/saveData.php on line 17
[23-Apr-2019 00:09:13 UTC] PHP Fatal error:  Uncaught exception 'PDOException' with message 'SQLSTATE[23000]: Integrity constraint violation: 1048 Column 'weather' cannot be null' in /home/ubuntu/workspace/cst336/Hw/hw4/api/saveData.php:17
Stack trace:
#0 /home/ubuntu/workspace/cst336/Hw/hw4/api/saveData.php(17): PDOStatement->execute(Array)
#1 {main}
  thrown in /home/ubuntu/workspace/cst336/Hw/hw4/api/saveData.php on line 17
[23-Apr-2019 00:09:21 UTC] PHP Fatal error:  Uncaught exception 'PDOException' with message 'SQLSTATE[23000]: Integrity constraint violation: 1048 Column 'weather' cannot be null' in /home/ubuntu/workspace/cst336/Hw/hw4/api/saveData.php:17
Stack trace:
#0 /home/ubuntu/workspace/cst336/Hw/hw4/api/saveData.php(17): PDOStatement->execute(Array)
#1 {main}
  thrown in /home/ubuntu/workspace/cst336/Hw/hw4/api/saveData.php on line 17
[23-Apr-2019 00:09:24 UTC] PHP Fatal error:  Uncaught exception 'PDOException' with message 'SQLSTATE[23000]: Integrity constraint violation: 1048 Column 'weather' cannot be null' in /home/ubuntu/workspace/cst336/Hw/hw4/api/saveData.php:17
Stack trace:
#0 /home/ubuntu/workspace/cst336/Hw/hw4/api/saveData.php(17): PDOStatement->execute(Array)
#1 {main}
  thrown in /home/ubuntu/workspace/cst336/Hw/hw4/api/saveData.php on line 17
[23-Apr-2019 00:09:44 UTC] PHP Fatal error:  Uncaught exception 'PDOException' with message 'SQLSTATE[HY000]: General error' in /home/ubuntu/workspace/cst336/Hw/hw4/api/saveData.php:21
Stack trace:
#0 /home/ubuntu/workspace/cst336/Hw/hw4/api/saveData.php(21): PDOStatement->fetch(2)
#1 {main}
  thrown in /home/ubuntu/workspace/cst336/Hw/hw4/api/saveData.php on line 21
[23-Apr-2019 00:09:47 UTC] PHP Fatal error:  Uncaught exception 'PDOException' with message 'SQLSTATE[HY000]: General error' in /home/ubuntu/workspace/cst336/Hw/hw4/api/saveData.php:21
Stack trace:
#0 /home/ubuntu/workspace/cst336/Hw/hw4/api/saveData.php(21): PDOStatement->fetch(2)
#1 {main}
  thrown in /home/ubuntu/workspace/cst336/Hw/hw4/api/saveData.php on line 21
[23-Apr-2019 00:12:24 UTC] PHP Fatal error:  Uncaught exception 'PDOException' with message 'SQLSTATE[HY000]: General error' in /home/ubuntu/workspace/cst336/Hw/hw4/api/saveData.php:21
Stack trace:
#0 /home/ubuntu/workspace/cst336/Hw/hw4/api/saveData.php(21): PDOStatement->fetch(2)
#1 {main}
  thrown in /home/ubuntu/workspace/cst336/Hw/hw4/api/saveData.php on line 21
[23-Apr-2019 00:12:30 UTC] PHP Fatal error:  Uncaught exception 'PDOException' with message 'SQLSTATE[HY000]: General error' in /home/ubuntu/workspace/cst336/Hw/hw4/api/saveData.php:21
Stack trace:
#0 /home/ubuntu/workspace/cst336/Hw/hw4/api/saveData.php(21): PDOStatement->fetch(2)
#1 {main}
  thrown in /home/ubuntu/workspace/cst336/Hw/hw4/api/saveData.php on line 21
[23-Apr-2019 00:12:58 UTC] PHP Fatal error:  Uncaught exception 'PDOException' with message 'SQLSTATE[HY000]: General error' in /home/ubuntu/workspace/cst336/Hw/hw4/api/saveData.php:21
Stack trace:
#0 /home/ubuntu/workspace/cst336/Hw/hw4/api/saveData.php(21): PDOStatement->fetch(2)
#1 {main}
  thrown in /home/ubuntu/workspace/cst336/Hw/hw4/api/saveData.php on line 21
[23-Apr-2019 00:13:11 UTC] PHP Fatal error:  Uncaught exception 'PDOException' with message 'SQLSTATE[HY000]: General error' in /home/ubuntu/workspace/cst336/Hw/hw4/api/saveData.php:21
Stack trace:
#0 /home/ubuntu/workspace/cst336/Hw/hw4/api/saveData.php(21): PDOStatement->fetch(2)
#1 {main}
  thrown in /home/ubuntu/workspace/cst336/Hw/hw4/api/saveData.php on line 21
[23-Apr-2019 00:13:15 UTC] PHP Fatal error:  Uncaught exception 'PDOException' with message 'SQLSTATE[HY000]: General error' in /home/ubuntu/workspace/cst336/Hw/hw4/api/saveData.php:21
Stack trace:
#0 /home/ubuntu/workspace/cst336/Hw/hw4/api/saveData.php(21): PDOStatement->fetch(2)
#1 {main}
  thrown in /home/ubuntu/workspace/cst336/Hw/hw4/api/saveData.php on line 21
[23-Apr-2019 00:15:25 UTC] PHP Fatal error:  Uncaught exception 'PDOException' with message 'SQLSTATE[HY000]: General error' in /home/ubuntu/workspace/cst336/Hw/hw4/api/saveData.php:21
Stack trace:
#0 /home/ubuntu/workspace/cst336/Hw/hw4/api/saveData.php(21): PDOStatement->fetch(2)
#1 {main}
  thrown in /home/ubuntu/workspace/cst336/Hw/hw4/api/saveData.php on line 21
[23-Apr-2019 00:16:49 UTC] PHP Fatal error:  Uncaught exception 'PDOException' with message 'SQLSTATE[HY000]: General error' in /home/ubuntu/workspace/cst336/Hw/hw4/api/saveData.php:21
Stack trace:
#0 /home/ubuntu/workspace/cst336/Hw/hw4/api/saveData.php(21): PDOStatement->fetch(2)
#1 {main}
  thrown in /home/ubuntu/workspace/cst336/Hw/hw4/api/saveData.php on line 21
[23-Apr-2019 00:16:57 UTC] PHP Fatal error:  Uncaught exception 'PDOException' with message 'SQLSTATE[HY000]: General error' in /home/ubuntu/workspace/cst336/Hw/hw4/api/saveData.php:21
Stack trace:
#0 /home/ubuntu/workspace/cst336/Hw/hw4/api/saveData.php(21): PDOStatement->fetch(2)
#1 {main}
  thrown in /home/ubuntu/workspace/cst336/Hw/hw4/api/saveData.php on line 21
[23-Apr-2019 00:17:02 UTC] PHP Fatal error:  Uncaught exception 'PDOException' with message 'SQLSTATE[HY000]: General error' in /home/ubuntu/workspace/cst336/Hw/hw4/api/saveData.php:21
Stack trace:
#0 /home/ubuntu/workspace/cst336/Hw/hw4/api/saveData.php(21): PDOStatement->fetch(2)
#1 {main}
  thrown in /home/ubuntu/workspace/cst336/Hw/hw4/api/saveData.php on line 21
[23-Apr-2019 00:18:21 UTC] PHP Fatal error:  Uncaught exception 'PDOException' with message 'SQLSTATE[HY000]: General error' in /home/ubuntu/workspace/cst336/Hw/hw4/api/saveData.php:21
Stack trace:
#0 /home/ubuntu/workspace/cst336/Hw/hw4/api/saveData.php(21): PDOStatement->fetch(2)
#1 {main}
  thrown in /home/ubuntu/workspace/cst336/Hw/hw4/api/saveData.php on line 21
[23-Apr-2019 00:18:26 UTC] PHP Fatal error:  Uncaught exception 'PDOException' with message 'SQLSTATE[HY000]: General error' in /home/ubuntu/workspace/cst336/Hw/hw4/api/saveData.php:21
Stack trace:
#0 /home/ubuntu/workspace/cst336/Hw/hw4/api/saveData.php(21): PDOStatement->fetch(2)
#1 {main}
  thrown in /home/ubuntu/workspace/cst336/Hw/hw4/api/saveData.php on line 21
[23-Apr-2019 00:19:16 UTC] PHP Fatal error:  Uncaught exception 'PDOException' with message 'SQLSTATE[HY000]: General error' in /home/ubuntu/workspace/cst336/Hw/hw4/api/saveData.php:21
Stack trace:
#0 /home/ubuntu/workspace/cst336/Hw/hw4/api/saveData.php(21): PDOStatement->fetch(2)
#1 {main}
  thrown in /home/ubuntu/workspace/cst336/Hw/hw4/api/saveData.php on line 21
[23-Apr-2019 00:19:23 UTC] PHP Fatal error:  Uncaught exception 'PDOException' with message 'SQLSTATE[HY000]: General error' in /home/ubuntu/workspace/cst336/Hw/hw4/api/saveData.php:21
Stack trace:
#0 /home/ubuntu/workspace/cst336/Hw/hw4/api/saveData.php(21): PDOStatement->fetch(2)
#1 {main}
  thrown in /home/ubuntu/workspace/cst336/Hw/hw4/api/saveData.php on line 21
[23-Apr-2019 00:20:25 UTC] PHP Fatal error:  Uncaught exception 'PDOException' with message 'SQLSTATE[HY000]: General error' in /home/ubuntu/workspace/cst336/Hw/hw4/api/saveData.php:21
Stack trace:
#0 /home/ubuntu/workspace/cst336/Hw/hw4/api/saveData.php(21): PDOStatement->fetch(2)
#1 {main}
  thrown in /home/ubuntu/workspace/cst336/Hw/hw4/api/saveData.php on line 21
[23-Apr-2019 00:20:27 UTC] PHP Fatal error:  Uncaught exception 'PDOException' with message 'SQLSTATE[HY000]: General error' in /home/ubuntu/workspace/cst336/Hw/hw4/api/saveData.php:21
Stack trace:
#0 /home/ubuntu/workspace/cst336/Hw/hw4/api/saveData.php(21): PDOStatement->fetch(2)
#1 {main}
  thrown in /home/ubuntu/workspace/cst336/Hw/hw4/api/saveData.php on line 21
[23-Apr-2019 00:29:16 UTC] PHP Fatal error:  Uncaught exception 'PDOException' with message 'SQLSTATE[HY000] [1045] Access denied for user ''@'localhost' (using password: NO)' in /home/ubuntu/workspace/cst336/Hw/hw4/dbConnection.php:18
Stack trace:
#0 /home/ubuntu/workspace/cst336/Hw/hw4/dbConnection.php(18): PDO->__construct('mysql:host=;dbn...', NULL, NULL)
#1 /home/ubuntu/workspace/cst336/Hw/hw4/api/saveData.php(4): getDatabaseConnection('mapsData')
#2 {main}
  thrown in /home/ubuntu/workspace/cst336/Hw/hw4/dbConnection.php on line 18
[23-Apr-2019 00:29:20 UTC] PHP Fatal error:  Uncaught exception 'PDOException' with message 'SQLSTATE[HY000] [1045] Access denied for user ''@'localhost' (using password: NO)' in /home/ubuntu/workspace/cst336/Hw/hw4/dbConnection.php:18
Stack trace:
#0 /home/ubuntu/workspace/cst336/Hw/hw4/dbConnection.php(18): PDO->__construct('mysql:host=;dbn...', NULL, NULL)
#1 /home/ubuntu/workspace/cst336/Hw/hw4/api/getData.php(3): getDatabaseConnection('mapsData')
#2 {main}
  thrown in /home/ubuntu/workspace/cst336/Hw/hw4/dbConnection.php on line 18
[23-Apr-2019 00:29:20 UTC] PHP Fatal error:  Uncaught exception 'PDOException' with message 'SQLSTATE[HY000] [1045] Access denied for user ''@'localhost' (using password: NO)' in /home/ubuntu/workspace/cst336/Hw/hw4/dbConnection.php:18
Stack trace:
#0 /home/ubuntu/workspace/cst336/Hw/hw4/dbConnection.php(18): PDO->__construct('mysql:host=;dbn...', NULL, NULL)
#1 /home/ubuntu/workspace/cst336/Hw/hw4/api/saveData.php(4): getDatabaseConnection('mapsData')
#2 {main}
  thrown in /home/ubuntu/workspace/cst336/Hw/hw4/dbConnection.php on line 18
[23-Apr-2019 00:29:23 UTC] PHP Fatal error:  Uncaught exception 'PDOException' with message 'SQLSTATE[HY000] [1045] Access denied for user ''@'localhost' (using password: NO)' in /home/ubuntu/workspace/cst336/Hw/hw4/dbConnection.php:18
Stack trace:
#0 /home/ubuntu/workspace/cst336/Hw/hw4/dbConnection.php(18): PDO->__construct('mysql:host=;dbn...', NULL, NULL)
#1 /home/ubuntu/workspace/cst336/Hw/hw4/api/getData.php(3): getDatabaseConnection('mapsData')
#2 {main}
  thrown in /home/ubuntu/workspace/cst336/Hw/hw4/dbConnection.php on line 18
[23-Apr-2019 00:29:24 UTC] PHP Fatal error:  Uncaught exception 'PDOException' with message 'SQLSTATE[HY000] [1045] Access denied for user ''@'localhost' (using password: NO)' in /home/ubuntu/workspace/cst336/Hw/hw4/dbConnection.php:18
Stack trace:
#0 /home/ubuntu/workspace/cst336/Hw/hw4/dbConnection.php(18): PDO->__construct('mysql:host=;dbn...', NULL, NULL)
#1 /home/ubuntu/workspace/cst336/Hw/hw4/api/saveData.php(4): getDatabaseConnection('mapsData')
#2 {main}
  thrown in /home/ubuntu/workspace/cst336/Hw/hw4/dbConnection.php on line 18
[23-Apr-2019 00:29:27 UTC] PHP Fatal error:  Uncaught exception 'PDOException' with message 'SQLSTATE[HY000] [1045] Access denied for user ''@'localhost' (using password: NO)' in /home/ubuntu/workspace/cst336/Hw/hw4/dbConnection.php:18
Stack trace:
#0 /home/ubuntu/workspace/cst336/Hw/hw4/dbConnection.php(18): PDO->__construct('mysql:host=;dbn...', NULL, NULL)
#1 /home/ubuntu/workspace/cst336/Hw/hw4/api/getData.php(3): getDatabaseConnection('mapsData')
#2 {main}
  thrown in /home/ubuntu/workspace/cst336/Hw/hw4/dbConnection.php on line 18
[23-Apr-2019 00:29:27 UTC] PHP Fatal error:  Uncaught exception 'PDOException' with message 'SQLSTATE[HY000] [1045] Access denied for user ''@'localhost' (using password: NO)' in /home/ubuntu/workspace/cst336/Hw/hw4/dbConnection.php:18
Stack trace:
#0 /home/ubuntu/workspace/cst336/Hw/hw4/dbConnection.php(18): PDO->__construct('mysql:host=;dbn...', NULL, NULL)
#1 /home/ubuntu/workspace/cst336/Hw/hw4/api/saveData.php(4): getDatabaseConnection('mapsData')
#2 {main}
  thrown in /home/ubuntu/workspace/cst336/Hw/hw4/dbConnection.php on line 18
[23-Apr-2019 00:31:31 UTC] PHP Fatal error:  Cannot redeclare getDatabaseConnection() (previously declared in /home/ubuntu/workspace/cst336/Hw/hw4/dbConnection.php:3) in /home/ubuntu/workspace/cst336/Hw/hw4/dbConnection.php on line 31
[23-Apr-2019 00:31:31 UTC] PHP Stack trace:
[23-Apr-2019 00:31:31 UTC] PHP   1. {main}() /home/ubuntu/workspace/cst336/Hw/hw4/api/saveData.php:0
[23-Apr-2019 00:31:31 UTC] PHP Fatal error:  Cannot redeclare getDatabaseConnection() (previously declared in /home/ubuntu/workspace/cst336/Hw/hw4/dbConnection.php:3) in /home/ubuntu/workspace/cst336/Hw/hw4/dbConnection.php on line 31
[23-Apr-2019 00:31:31 UTC] PHP Stack trace:
[23-Apr-2019 00:31:31 UTC] PHP   1. {main}() /home/ubuntu/workspace/cst336/Hw/hw4/api/getData.php:0
[23-Apr-2019 00:31:31 UTC] PHP Fatal error:  Cannot redeclare getDatabaseConnection() (previously declared in /home/ubuntu/workspace/cst336/Hw/hw4/dbConnection.php:3) in /home/ubuntu/workspace/cst336/Hw/hw4/dbConnection.php on line 31
[23-Apr-2019 00:31:31 UTC] PHP Stack trace:
[23-Apr-2019 00:31:31 UTC] PHP   1. {main}() /home/ubuntu/workspace/cst336/Hw/hw4/api/saveData.php:0
[23-Apr-2019 00:31:32 UTC] PHP Fatal error:  Cannot redeclare getDatabaseConnection() (previously declared in /home/ubuntu/workspace/cst336/Hw/hw4/dbConnection.php:3) in /home/ubuntu/workspace/cst336/Hw/hw4/dbConnection.php on line 31
[23-Apr-2019 00:31:32 UTC] PHP Stack trace:
[23-Apr-2019 00:31:32 UTC] PHP   1. {main}() /home/ubuntu/workspace/cst336/Hw/hw4/api/getData.php:0
[23-Apr-2019 00:31:32 UTC] PHP Fatal error:  Cannot redeclare getDatabaseConnection() (previously declared in /home/ubuntu/workspace/cst336/Hw/hw4/dbConnection.php:3) in /home/ubuntu/workspace/cst336/Hw/hw4/dbConnection.php on line 31
[23-Apr-2019 00:31:32 UTC] PHP Stack trace:
[23-Apr-2019 00:31:32 UTC] PHP   1. {main}() /home/ubuntu/workspace/cst336/Hw/hw4/api/saveData.php:0
[23-Apr-2019 00:34:44 UTC] PHP Fatal error:  Uncaught exception 'PDOException' with message 'SQLSTATE[HY000] [1045] Access denied for user ''@'localhost' (using password: NO)' in /home/ubuntu/workspace/cst336/Hw/hw4/dbConnection.php:17
Stack trace:
#0 /home/ubuntu/workspace/cst336/Hw/hw4/dbConnection.php(17): PDO->__construct('mysql:host=;dbn...', NULL, NULL)
#1 /home/ubuntu/workspace/cst336/Hw/hw4/api/saveData.php(4): getDatabaseConnection('mapsData')
#2 {main}
  thrown in /home/ubuntu/workspace/cst336/Hw/hw4/dbConnection.php on line 17
[23-Apr-2019 00:34:52 UTC] PHP Fatal error:  Uncaught exception 'PDOException' with message 'SQLSTATE[HY000] [1045] Access denied for user ''@'localhost' (using password: NO)' in /home/ubuntu/workspace/cst336/Hw/hw4/dbConnection.php:17
Stack trace:
#0 /home/ubuntu/workspace/cst336/Hw/hw4/dbConnection.php(17): PDO->__construct('mysql:host=;dbn...', NULL, NULL)
#1 /home/ubuntu/workspace/cst336/Hw/hw4/api/getData.php(3): getDatabaseConnection('mapsData')
#2 {main}
  thrown in /home/ubuntu/workspace/cst336/Hw/hw4/dbConnection.php on line 17
[23-Apr-2019 00:34:52 UTC] PHP Fatal error:  Uncaught exception 'PDOException' with message 'SQLSTATE[HY000] [1045] Access denied for user ''@'localhost' (using password: NO)' in /home/ubuntu/workspace/cst336/Hw/hw4/dbConnection.php:17
Stack trace:
#0 /home/ubuntu/workspace/cst336/Hw/hw4/dbConnection.php(17): PDO->__construct('mysql:host=;dbn...', NULL, NULL)
#1 /home/ubuntu/workspace/cst336/Hw/hw4/api/saveData.php(4): getDatabaseConnection('mapsData')
#2 {main}
  thrown in /home/ubuntu/workspace/cst336/Hw/hw4/dbConnection.php on line 17
