[24-Mar-2019 04:20:45 UTC] PHP Fatal error:  Uncaught exception 'PDOException' with message 'SQLSTATE[HY093]: Invalid parameter number: number of bound variables does not match number of tokens' in /home/ubuntu/workspace/cst336/Labs/lab6/api/getSearchResults.php:40
Stack trace:
#0 /home/ubuntu/workspace/cst336/Labs/lab6/api/getSearchResults.php(40): PDOStatement->execute(Array)
#1 {main}
  thrown in /home/ubuntu/workspace/cst336/Labs/lab6/api/getSearchResults.php on line 40
[24-Mar-2019 04:20:49 UTC] PHP Fatal error:  Uncaught exception 'PDOException' with message 'SQLSTATE[HY093]: Invalid parameter number: number of bound variables does not match number of tokens' in /home/ubuntu/workspace/cst336/Labs/lab6/api/getSearchResults.php:40
Stack trace:
#0 /home/ubuntu/workspace/cst336/Labs/lab6/api/getSearchResults.php(40): PDOStatement->execute(Array)
#1 {main}
  thrown in /home/ubuntu/workspace/cst336/Labs/lab6/api/getSearchResults.php on line 40
[24-Mar-2019 04:20:57 UTC] PHP Fatal error:  Uncaught exception 'PDOException' with message 'SQLSTATE[HY093]: Invalid parameter number: number of bound variables does not match number of tokens' in /home/ubuntu/workspace/cst336/Labs/lab6/api/getSearchResults.php:40
Stack trace:
#0 /home/ubuntu/workspace/cst336/Labs/lab6/api/getSearchResults.php(40): PDOStatement->execute(Array)
#1 {main}
  thrown in /home/ubuntu/workspace/cst336/Labs/lab6/api/getSearchResults.php on line 40
[24-Mar-2019 04:22:57 UTC] PHP Fatal error:  Uncaught exception 'PDOException' with message 'SQLSTATE[HY093]: Invalid parameter number: number of bound variables does not match number of tokens' in /home/ubuntu/workspace/cst336/Labs/lab6/api/getSearchResults.php:40
Stack trace:
#0 /home/ubuntu/workspace/cst336/Labs/lab6/api/getSearchResults.php(40): PDOStatement->execute(Array)
#1 {main}
  thrown in /home/ubuntu/workspace/cst336/Labs/lab6/api/getSearchResults.php on line 40
[24-Mar-2019 04:23:02 UTC] PHP Fatal error:  Uncaught exception 'PDOException' with message 'SQLSTATE[HY093]: Invalid parameter number: number of bound variables does not match number of tokens' in /home/ubuntu/workspace/cst336/Labs/lab6/api/getSearchResults.php:40
Stack trace:
#0 /home/ubuntu/workspace/cst336/Labs/lab6/api/getSearchResults.php(40): PDOStatement->execute(Array)
#1 {main}
  thrown in /home/ubuntu/workspace/cst336/Labs/lab6/api/getSearchResults.php on line 40
[24-Mar-2019 04:23:44 UTC] PHP Fatal error:  Uncaught exception 'PDOException' with message 'SQLSTATE[HY093]: Invalid parameter number: number of bound variables does not match number of tokens' in /home/ubuntu/workspace/cst336/Labs/lab6/api/getSearchResults.php:41
Stack trace:
#0 /home/ubuntu/workspace/cst336/Labs/lab6/api/getSearchResults.php(41): PDOStatement->execute(Array)
#1 {main}
  thrown in /home/ubuntu/workspace/cst336/Labs/lab6/api/getSearchResults.php on line 41
[24-Mar-2019 04:23:45 UTC] PHP Fatal error:  Uncaught exception 'PDOException' with message 'SQLSTATE[HY093]: Invalid parameter number: number of bound variables does not match number of tokens' in /home/ubuntu/workspace/cst336/Labs/lab6/api/getSearchResults.php:41
Stack trace:
#0 /home/ubuntu/workspace/cst336/Labs/lab6/api/getSearchResults.php(41): PDOStatement->execute(Array)
#1 {main}
  thrown in /home/ubuntu/workspace/cst336/Labs/lab6/api/getSearchResults.php on line 41
[24-Mar-2019 04:30:42 UTC] PHP Fatal error:  Uncaught exception 'PDOException' with message 'SQLSTATE[42S22]: Column not found: 1054 Unknown column 'product' in 'where clause'' in /home/ubuntu/workspace/cst336/Labs/lab6/api/getSearchResults.php:44
Stack trace:
#0 /home/ubuntu/workspace/cst336/Labs/lab6/api/getSearchResults.php(44): PDOStatement->execute(Array)
#1 {main}
  thrown in /home/ubuntu/workspace/cst336/Labs/lab6/api/getSearchResults.php on line 44
[24-Mar-2019 04:30:45 UTC] PHP Fatal error:  Uncaught exception 'PDOException' with message 'SQLSTATE[42S22]: Column not found: 1054 Unknown column 'product' in 'where clause'' in /home/ubuntu/workspace/cst336/Labs/lab6/api/getSearchResults.php:44
Stack trace:
#0 /home/ubuntu/workspace/cst336/Labs/lab6/api/getSearchResults.php(44): PDOStatement->execute(Array)
#1 {main}
  thrown in /home/ubuntu/workspace/cst336/Labs/lab6/api/getSearchResults.php on line 44
[24-Mar-2019 04:30:46 UTC] PHP Fatal error:  Uncaught exception 'PDOException' with message 'SQLSTATE[42S22]: Column not found: 1054 Unknown column 'product' in 'where clause'' in /home/ubuntu/workspace/cst336/Labs/lab6/api/getSearchResults.php:44
Stack trace:
#0 /home/ubuntu/workspace/cst336/Labs/lab6/api/getSearchResults.php(44): PDOStatement->execute(Array)
#1 {main}
  thrown in /home/ubuntu/workspace/cst336/Labs/lab6/api/getSearchResults.php on line 44
[24-Mar-2019 04:33:09 UTC] PHP Fatal error:  Uncaught exception 'PDOException' with message 'SQLSTATE[HY093]: Invalid parameter number: number of bound variables does not match number of tokens' in /home/ubuntu/workspace/cst336/Labs/lab6/api/getSearchResults.php:39
Stack trace:
#0 /home/ubuntu/workspace/cst336/Labs/lab6/api/getSearchResults.php(39): PDOStatement->execute(Array)
#1 {main}
  thrown in /home/ubuntu/workspace/cst336/Labs/lab6/api/getSearchResults.php on line 39
[24-Mar-2019 04:33:22 UTC] PHP Fatal error:  Uncaught exception 'PDOException' with message 'SQLSTATE[HY093]: Invalid parameter number: number of bound variables does not match number of tokens' in /home/ubuntu/workspace/cst336/Labs/lab6/api/getSearchResults.php:39
Stack trace:
#0 /home/ubuntu/workspace/cst336/Labs/lab6/api/getSearchResults.php(39): PDOStatement->execute(Array)
#1 {main}
  thrown in /home/ubuntu/workspace/cst336/Labs/lab6/api/getSearchResults.php on line 39
[24-Mar-2019 04:36:50 UTC] PHP Fatal error:  Uncaught exception 'PDOException' with message 'SQLSTATE[HY093]: Invalid parameter number: number of bound variables does not match number of tokens' in /home/ubuntu/workspace/cst336/Labs/lab6/api/getSearchResults.php:39
Stack trace:
#0 /home/ubuntu/workspace/cst336/Labs/lab6/api/getSearchResults.php(39): PDOStatement->execute(Array)
#1 {main}
  thrown in /home/ubuntu/workspace/cst336/Labs/lab6/api/getSearchResults.php on line 39
[24-Mar-2019 04:38:50 UTC] PHP Fatal error:  Uncaught exception 'PDOException' with message 'SQLSTATE[HY093]: Invalid parameter number: parameter was not defined' in /home/ubuntu/workspace/cst336/Labs/lab6/api/getSearchResults.php:39
Stack trace:
#0 /home/ubuntu/workspace/cst336/Labs/lab6/api/getSearchResults.php(39): PDOStatement->execute(Array)
#1 {main}
  thrown in /home/ubuntu/workspace/cst336/Labs/lab6/api/getSearchResults.php on line 39
[24-Mar-2019 04:39:08 UTC] PHP Fatal error:  Uncaught exception 'PDOException' with message 'SQLSTATE[42000]: Syntax error or access violation: 1064 You have an error in your SQL syntax; check the manual that corresponds to your MySQL server version for the right syntax to use near 'LIKE productDescription' at line 1' in /home/ubuntu/workspace/cst336/Labs/lab6/api/getSearchResults.php:39
Stack trace:
#0 /home/ubuntu/workspace/cst336/Labs/lab6/api/getSearchResults.php(39): PDOStatement->execute(Array)
#1 {main}
  thrown in /home/ubuntu/workspace/cst336/Labs/lab6/api/getSearchResults.php on line 39
[24-Mar-2019 04:39:35 UTC] PHP Fatal error:  Uncaught exception 'PDOException' with message 'SQLSTATE[HY093]: Invalid parameter number: number of bound variables does not match number of tokens' in /home/ubuntu/workspace/cst336/Labs/lab6/api/getSearchResults.php:40
Stack trace:
#0 /home/ubuntu/workspace/cst336/Labs/lab6/api/getSearchResults.php(40): PDOStatement->execute(Array)
#1 {main}
  thrown in /home/ubuntu/workspace/cst336/Labs/lab6/api/getSearchResults.php on line 40
[24-Mar-2019 04:39:39 UTC] PHP Fatal error:  Uncaught exception 'PDOException' with message 'SQLSTATE[HY093]: Invalid parameter number: number of bound variables does not match number of tokens' in /home/ubuntu/workspace/cst336/Labs/lab6/api/getSearchResults.php:40
Stack trace:
#0 /home/ubuntu/workspace/cst336/Labs/lab6/api/getSearchResults.php(40): PDOStatement->execute(Array)
#1 {main}
  thrown in /home/ubuntu/workspace/cst336/Labs/lab6/api/getSearchResults.php on line 40
[24-Mar-2019 04:39:39 UTC] PHP Fatal error:  Uncaught exception 'PDOException' with message 'SQLSTATE[HY093]: Invalid parameter number: number of bound variables does not match number of tokens' in /home/ubuntu/workspace/cst336/Labs/lab6/api/getSearchResults.php:40
Stack trace:
#0 /home/ubuntu/workspace/cst336/Labs/lab6/api/getSearchResults.php(40): PDOStatement->execute(Array)
#1 {main}
  thrown in /home/ubuntu/workspace/cst336/Labs/lab6/api/getSearchResults.php on line 40
[24-Mar-2019 04:40:00 UTC] PHP Fatal error:  Uncaught exception 'PDOException' with message 'SQLSTATE[HY093]: Invalid parameter number: parameter was not defined' in /home/ubuntu/workspace/cst336/Labs/lab6/api/getSearchResults.php:40
Stack trace:
#0 /home/ubuntu/workspace/cst336/Labs/lab6/api/getSearchResults.php(40): PDOStatement->execute(Array)
#1 {main}
  thrown in /home/ubuntu/workspace/cst336/Labs/lab6/api/getSearchResults.php on line 40
[24-Mar-2019 04:40:00 UTC] PHP Fatal error:  Uncaught exception 'PDOException' with message 'SQLSTATE[HY093]: Invalid parameter number: parameter was not defined' in /home/ubuntu/workspace/cst336/Labs/lab6/api/getSearchResults.php:40
Stack trace:
#0 /home/ubuntu/workspace/cst336/Labs/lab6/api/getSearchResults.php(40): PDOStatement->execute(Array)
#1 {main}
  thrown in /home/ubuntu/workspace/cst336/Labs/lab6/api/getSearchResults.php on line 40
[24-Mar-2019 04:40:16 UTC] PHP Fatal error:  Uncaught exception 'PDOException' with message 'SQLSTATE[HY093]: Invalid parameter number: parameter was not defined' in /home/ubuntu/workspace/cst336/Labs/lab6/api/getSearchResults.php:40
Stack trace:
#0 /home/ubuntu/workspace/cst336/Labs/lab6/api/getSearchResults.php(40): PDOStatement->execute(Array)
#1 {main}
  thrown in /home/ubuntu/workspace/cst336/Labs/lab6/api/getSearchResults.php on line 40
[24-Mar-2019 04:40:17 UTC] PHP Fatal error:  Uncaught exception 'PDOException' with message 'SQLSTATE[HY093]: Invalid parameter number: parameter was not defined' in /home/ubuntu/workspace/cst336/Labs/lab6/api/getSearchResults.php:40
Stack trace:
#0 /home/ubuntu/workspace/cst336/Labs/lab6/api/getSearchResults.php(40): PDOStatement->execute(Array)
#1 {main}
  thrown in /home/ubuntu/workspace/cst336/Labs/lab6/api/getSearchResults.php on line 40
[24-Mar-2019 04:40:18 UTC] PHP Fatal error:  Uncaught exception 'PDOException' with message 'SQLSTATE[HY093]: Invalid parameter number: parameter was not defined' in /home/ubuntu/workspace/cst336/Labs/lab6/api/getSearchResults.php:40
Stack trace:
#0 /home/ubuntu/workspace/cst336/Labs/lab6/api/getSearchResults.php(40): PDOStatement->execute(Array)
#1 {main}
  thrown in /home/ubuntu/workspace/cst336/Labs/lab6/api/getSearchResults.php on line 40
[24-Mar-2019 04:40:21 UTC] PHP Fatal error:  Uncaught exception 'PDOException' with message 'SQLSTATE[HY093]: Invalid parameter number: parameter was not defined' in /home/ubuntu/workspace/cst336/Labs/lab6/api/getSearchResults.php:40
Stack trace:
#0 /home/ubuntu/workspace/cst336/Labs/lab6/api/getSearchResults.php(40): PDOStatement->execute(Array)
#1 {main}
  thrown in /home/ubuntu/workspace/cst336/Labs/lab6/api/getSearchResults.php on line 40
[24-Mar-2019 04:40:35 UTC] PHP Fatal error:  Uncaught exception 'PDOException' with message 'SQLSTATE[HY093]: Invalid parameter number: parameter was not defined' in /home/ubuntu/workspace/cst336/Labs/lab6/api/getSearchResults.php:40
Stack trace:
#0 /home/ubuntu/workspace/cst336/Labs/lab6/api/getSearchResults.php(40): PDOStatement->execute(Array)
#1 {main}
  thrown in /home/ubuntu/workspace/cst336/Labs/lab6/api/getSearchResults.php on line 40
[24-Mar-2019 04:40:38 UTC] PHP Fatal error:  Uncaught exception 'PDOException' with message 'SQLSTATE[HY093]: Invalid parameter number: parameter was not defined' in /home/ubuntu/workspace/cst336/Labs/lab6/api/getSearchResults.php:40
Stack trace:
#0 /home/ubuntu/workspace/cst336/Labs/lab6/api/getSearchResults.php(40): PDOStatement->execute(Array)
#1 {main}
  thrown in /home/ubuntu/workspace/cst336/Labs/lab6/api/getSearchResults.php on line 40
[24-Mar-2019 04:40:47 UTC] PHP Fatal error:  Uncaught exception 'PDOException' with message 'SQLSTATE[HY093]: Invalid parameter number: parameter was not defined' in /home/ubuntu/workspace/cst336/Labs/lab6/api/getSearchResults.php:40
Stack trace:
#0 /home/ubuntu/workspace/cst336/Labs/lab6/api/getSearchResults.php(40): PDOStatement->execute(Array)
#1 {main}
  thrown in /home/ubuntu/workspace/cst336/Labs/lab6/api/getSearchResults.php on line 40
[24-Mar-2019 04:44:49 UTC] PHP Fatal error:  Uncaught exception 'PDOException' with message 'SQLSTATE[HY093]: Invalid parameter number: parameter was not defined' in /home/ubuntu/workspace/cst336/Labs/lab6/api/getSearchResults.php:39
Stack trace:
#0 /home/ubuntu/workspace/cst336/Labs/lab6/api/getSearchResults.php(39): PDOStatement->execute(Array)
#1 {main}
  thrown in /home/ubuntu/workspace/cst336/Labs/lab6/api/getSearchResults.php on line 39
[24-Mar-2019 04:44:50 UTC] PHP Fatal error:  Uncaught exception 'PDOException' with message 'SQLSTATE[HY093]: Invalid parameter number: parameter was not defined' in /home/ubuntu/workspace/cst336/Labs/lab6/api/getSearchResults.php:39
Stack trace:
#0 /home/ubuntu/workspace/cst336/Labs/lab6/api/getSearchResults.php(39): PDOStatement->execute(Array)
#1 {main}
  thrown in /home/ubuntu/workspace/cst336/Labs/lab6/api/getSearchResults.php on line 39
[24-Mar-2019 04:44:53 UTC] PHP Fatal error:  Uncaught exception 'PDOException' with message 'SQLSTATE[HY093]: Invalid parameter number: parameter was not defined' in /home/ubuntu/workspace/cst336/Labs/lab6/api/getSearchResults.php:39
Stack trace:
#0 /home/ubuntu/workspace/cst336/Labs/lab6/api/getSearchResults.php(39): PDOStatement->execute(Array)
#1 {main}
  thrown in /home/ubuntu/workspace/cst336/Labs/lab6/api/getSearchResults.php on line 39
[24-Mar-2019 04:45:18 UTC] PHP Fatal error:  Uncaught exception 'PDOException' with message 'SQLSTATE[42000]: Syntax error or access violation: 1064 You have an error in your SQL syntax; check the manual that corresponds to your MySQL server version for the right syntax to use near 'LIKE: productDescription' at line 1' in /home/ubuntu/workspace/cst336/Labs/lab6/api/getSearchResults.php:39
Stack trace:
#0 /home/ubuntu/workspace/cst336/Labs/lab6/api/getSearchResults.php(39): PDOStatement->execute(Array)
#1 {main}
  thrown in /home/ubuntu/workspace/cst336/Labs/lab6/api/getSearchResults.php on line 39
[24-Mar-2019 04:45:32 UTC] PHP Fatal error:  Uncaught exception 'PDOException' with message 'SQLSTATE[HY093]: Invalid parameter number: number of bound variables does not match number of tokens' in /home/ubuntu/workspace/cst336/Labs/lab6/api/getSearchResults.php:39
Stack trace:
#0 /home/ubuntu/workspace/cst336/Labs/lab6/api/getSearchResults.php(39): PDOStatement->execute(Array)
#1 {main}
  thrown in /home/ubuntu/workspace/cst336/Labs/lab6/api/getSearchResults.php on line 39
