[29-Apr-2019 19:33:02 UTC] PHP Warning:  include(dbConnection.php): failed to open stream: No such file or directory in /home/ubuntu/workspace/cst336/practice/cst336_Lab4-29/api/getEmail.php on line 3
[29-Apr-2019 19:33:02 UTC] PHP Stack trace:
[29-Apr-2019 19:33:02 UTC] PHP   1. {main}() /home/ubuntu/workspace/cst336/practice/cst336_Lab4-29/api/getEmail.php:0
[29-Apr-2019 19:33:02 UTC] PHP Warning:  include(): Failed opening 'dbConnection.php' for inclusion (include_path='.:/usr/share/php:/usr/share/pear') in /home/ubuntu/workspace/cst336/practice/cst336_Lab4-29/api/getEmail.php on line 3
[29-Apr-2019 19:33:02 UTC] PHP Stack trace:
[29-Apr-2019 19:33:02 UTC] PHP   1. {main}() /home/ubuntu/workspace/cst336/practice/cst336_Lab4-29/api/getEmail.php:0
[29-Apr-2019 19:33:02 UTC] PHP Fatal error:  Call to undefined function getDatabaseConnection() in /home/ubuntu/workspace/cst336/practice/cst336_Lab4-29/api/getEmail.php on line 4
[29-Apr-2019 19:33:02 UTC] PHP Stack trace:
[29-Apr-2019 19:33:02 UTC] PHP   1. {main}() /home/ubuntu/workspace/cst336/practice/cst336_Lab4-29/api/getEmail.php:0
[29-Apr-2019 19:34:45 UTC] PHP Warning:  include(dbConnection.php): failed to open stream: No such file or directory in /home/ubuntu/workspace/cst336/practice/cst336_Lab4-29/api/getEmail.php on line 3
[29-Apr-2019 19:34:45 UTC] PHP Stack trace:
[29-Apr-2019 19:34:45 UTC] PHP   1. {main}() /home/ubuntu/workspace/cst336/practice/cst336_Lab4-29/api/getEmail.php:0
[29-Apr-2019 19:34:45 UTC] PHP Warning:  include(): Failed opening 'dbConnection.php' for inclusion (include_path='.:/usr/share/php:/usr/share/pear') in /home/ubuntu/workspace/cst336/practice/cst336_Lab4-29/api/getEmail.php on line 3
[29-Apr-2019 19:34:45 UTC] PHP Stack trace:
[29-Apr-2019 19:34:45 UTC] PHP   1. {main}() /home/ubuntu/workspace/cst336/practice/cst336_Lab4-29/api/getEmail.php:0
[29-Apr-2019 19:34:45 UTC] PHP Fatal error:  Call to undefined function getDatabaseConnection() in /home/ubuntu/workspace/cst336/practice/cst336_Lab4-29/api/getEmail.php on line 4
[29-Apr-2019 19:34:45 UTC] PHP Stack trace:
[29-Apr-2019 19:34:45 UTC] PHP   1. {main}() /home/ubuntu/workspace/cst336/practice/cst336_Lab4-29/api/getEmail.php:0
[29-Apr-2019 19:34:56 UTC] PHP Warning:  include(dbConnection.php): failed to open stream: No such file or directory in /home/ubuntu/workspace/cst336/practice/cst336_Lab4-29/api/getEmail.php on line 3
[29-Apr-2019 19:34:56 UTC] PHP Stack trace:
[29-Apr-2019 19:34:56 UTC] PHP   1. {main}() /home/ubuntu/workspace/cst336/practice/cst336_Lab4-29/api/getEmail.php:0
[29-Apr-2019 19:34:56 UTC] PHP Warning:  include(): Failed opening 'dbConnection.php' for inclusion (include_path='.:/usr/share/php:/usr/share/pear') in /home/ubuntu/workspace/cst336/practice/cst336_Lab4-29/api/getEmail.php on line 3
[29-Apr-2019 19:34:56 UTC] PHP Stack trace:
[29-Apr-2019 19:34:56 UTC] PHP   1. {main}() /home/ubuntu/workspace/cst336/practice/cst336_Lab4-29/api/getEmail.php:0
[29-Apr-2019 19:34:56 UTC] PHP Fatal error:  Call to undefined function getDatabaseConnection() in /home/ubuntu/workspace/cst336/practice/cst336_Lab4-29/api/getEmail.php on line 4
[29-Apr-2019 19:34:56 UTC] PHP Stack trace:
[29-Apr-2019 19:34:56 UTC] PHP   1. {main}() /home/ubuntu/workspace/cst336/practice/cst336_Lab4-29/api/getEmail.php:0
[29-Apr-2019 19:34:59 UTC] PHP Warning:  include(dbConnection.php): failed to open stream: No such file or directory in /home/ubuntu/workspace/cst336/practice/cst336_Lab4-29/api/getEmail.php on line 3
[29-Apr-2019 19:34:59 UTC] PHP Stack trace:
[29-Apr-2019 19:34:59 UTC] PHP   1. {main}() /home/ubuntu/workspace/cst336/practice/cst336_Lab4-29/api/getEmail.php:0
[29-Apr-2019 19:34:59 UTC] PHP Warning:  include(): Failed opening 'dbConnection.php' for inclusion (include_path='.:/usr/share/php:/usr/share/pear') in /home/ubuntu/workspace/cst336/practice/cst336_Lab4-29/api/getEmail.php on line 3
[29-Apr-2019 19:34:59 UTC] PHP Stack trace:
[29-Apr-2019 19:34:59 UTC] PHP   1. {main}() /home/ubuntu/workspace/cst336/practice/cst336_Lab4-29/api/getEmail.php:0
[29-Apr-2019 19:34:59 UTC] PHP Fatal error:  Call to undefined function getDatabaseConnection() in /home/ubuntu/workspace/cst336/practice/cst336_Lab4-29/api/getEmail.php on line 4
[29-Apr-2019 19:34:59 UTC] PHP Stack trace:
[29-Apr-2019 19:34:59 UTC] PHP   1. {main}() /home/ubuntu/workspace/cst336/practice/cst336_Lab4-29/api/getEmail.php:0
[29-Apr-2019 19:35:01 UTC] PHP Warning:  include(dbConnection.php): failed to open stream: No such file or directory in /home/ubuntu/workspace/cst336/practice/cst336_Lab4-29/api/getEmail.php on line 3
[29-Apr-2019 19:35:01 UTC] PHP Stack trace:
[29-Apr-2019 19:35:01 UTC] PHP   1. {main}() /home/ubuntu/workspace/cst336/practice/cst336_Lab4-29/api/getEmail.php:0
[29-Apr-2019 19:35:01 UTC] PHP Warning:  include(): Failed opening 'dbConnection.php' for inclusion (include_path='.:/usr/share/php:/usr/share/pear') in /home/ubuntu/workspace/cst336/practice/cst336_Lab4-29/api/getEmail.php on line 3
[29-Apr-2019 19:35:01 UTC] PHP Stack trace:
[29-Apr-2019 19:35:01 UTC] PHP   1. {main}() /home/ubuntu/workspace/cst336/practice/cst336_Lab4-29/api/getEmail.php:0
[29-Apr-2019 19:35:01 UTC] PHP Fatal error:  Call to undefined function getDatabaseConnection() in /home/ubuntu/workspace/cst336/practice/cst336_Lab4-29/api/getEmail.php on line 4
[29-Apr-2019 19:35:01 UTC] PHP Stack trace:
[29-Apr-2019 19:35:01 UTC] PHP   1. {main}() /home/ubuntu/workspace/cst336/practice/cst336_Lab4-29/api/getEmail.php:0
[29-Apr-2019 19:35:02 UTC] PHP Warning:  include(dbConnection.php): failed to open stream: No such file or directory in /home/ubuntu/workspace/cst336/practice/cst336_Lab4-29/api/getEmail.php on line 3
[29-Apr-2019 19:35:02 UTC] PHP Stack trace:
[29-Apr-2019 19:35:02 UTC] PHP   1. {main}() /home/ubuntu/workspace/cst336/practice/cst336_Lab4-29/api/getEmail.php:0
[29-Apr-2019 19:35:02 UTC] PHP Warning:  include(): Failed opening 'dbConnection.php' for inclusion (include_path='.:/usr/share/php:/usr/share/pear') in /home/ubuntu/workspace/cst336/practice/cst336_Lab4-29/api/getEmail.php on line 3
[29-Apr-2019 19:35:02 UTC] PHP Stack trace:
[29-Apr-2019 19:35:02 UTC] PHP   1. {main}() /home/ubuntu/workspace/cst336/practice/cst336_Lab4-29/api/getEmail.php:0
[29-Apr-2019 19:35:02 UTC] PHP Fatal error:  Call to undefined function getDatabaseConnection() in /home/ubuntu/workspace/cst336/practice/cst336_Lab4-29/api/getEmail.php on line 4
[29-Apr-2019 19:35:02 UTC] PHP Stack trace:
[29-Apr-2019 19:35:02 UTC] PHP   1. {main}() /home/ubuntu/workspace/cst336/practice/cst336_Lab4-29/api/getEmail.php:0
[29-Apr-2019 19:35:14 UTC] PHP Warning:  include(dbConnection.php): failed to open stream: No such file or directory in /home/ubuntu/workspace/cst336/practice/cst336_Lab4-29/api/getEmail.php on line 3
[29-Apr-2019 19:35:14 UTC] PHP Stack trace:
[29-Apr-2019 19:35:14 UTC] PHP   1. {main}() /home/ubuntu/workspace/cst336/practice/cst336_Lab4-29/api/getEmail.php:0
[29-Apr-2019 19:35:14 UTC] PHP Warning:  include(): Failed opening 'dbConnection.php' for inclusion (include_path='.:/usr/share/php:/usr/share/pear') in /home/ubuntu/workspace/cst336/practice/cst336_Lab4-29/api/getEmail.php on line 3
[29-Apr-2019 19:35:14 UTC] PHP Stack trace:
[29-Apr-2019 19:35:14 UTC] PHP   1. {main}() /home/ubuntu/workspace/cst336/practice/cst336_Lab4-29/api/getEmail.php:0
[29-Apr-2019 19:35:14 UTC] PHP Fatal error:  Call to undefined function getDatabaseConnection() in /home/ubuntu/workspace/cst336/practice/cst336_Lab4-29/api/getEmail.php on line 4
[29-Apr-2019 19:35:14 UTC] PHP Stack trace:
[29-Apr-2019 19:35:14 UTC] PHP   1. {main}() /home/ubuntu/workspace/cst336/practice/cst336_Lab4-29/api/getEmail.php:0
[29-Apr-2019 19:35:19 UTC] PHP Warning:  include(dbConnection.php): failed to open stream: No such file or directory in /home/ubuntu/workspace/cst336/practice/cst336_Lab4-29/api/getEmail.php on line 3
[29-Apr-2019 19:35:19 UTC] PHP Stack trace:
[29-Apr-2019 19:35:19 UTC] PHP   1. {main}() /home/ubuntu/workspace/cst336/practice/cst336_Lab4-29/api/getEmail.php:0
[29-Apr-2019 19:35:19 UTC] PHP Warning:  include(): Failed opening 'dbConnection.php' for inclusion (include_path='.:/usr/share/php:/usr/share/pear') in /home/ubuntu/workspace/cst336/practice/cst336_Lab4-29/api/getEmail.php on line 3
[29-Apr-2019 19:35:19 UTC] PHP Stack trace:
[29-Apr-2019 19:35:19 UTC] PHP   1. {main}() /home/ubuntu/workspace/cst336/practice/cst336_Lab4-29/api/getEmail.php:0
[29-Apr-2019 19:35:19 UTC] PHP Fatal error:  Call to undefined function getDatabaseConnection() in /home/ubuntu/workspace/cst336/practice/cst336_Lab4-29/api/getEmail.php on line 4
[29-Apr-2019 19:35:19 UTC] PHP Stack trace:
[29-Apr-2019 19:35:19 UTC] PHP   1. {main}() /home/ubuntu/workspace/cst336/practice/cst336_Lab4-29/api/getEmail.php:0
[29-Apr-2019 19:35:20 UTC] PHP Warning:  include(dbConnection.php): failed to open stream: No such file or directory in /home/ubuntu/workspace/cst336/practice/cst336_Lab4-29/api/getEmail.php on line 3
[29-Apr-2019 19:35:20 UTC] PHP Stack trace:
[29-Apr-2019 19:35:20 UTC] PHP   1. {main}() /home/ubuntu/workspace/cst336/practice/cst336_Lab4-29/api/getEmail.php:0
[29-Apr-2019 19:35:20 UTC] PHP Warning:  include(): Failed opening 'dbConnection.php' for inclusion (include_path='.:/usr/share/php:/usr/share/pear') in /home/ubuntu/workspace/cst336/practice/cst336_Lab4-29/api/getEmail.php on line 3
[29-Apr-2019 19:35:20 UTC] PHP Stack trace:
[29-Apr-2019 19:35:20 UTC] PHP   1. {main}() /home/ubuntu/workspace/cst336/practice/cst336_Lab4-29/api/getEmail.php:0
[29-Apr-2019 19:35:20 UTC] PHP Fatal error:  Call to undefined function getDatabaseConnection() in /home/ubuntu/workspace/cst336/practice/cst336_Lab4-29/api/getEmail.php on line 4
[29-Apr-2019 19:35:20 UTC] PHP Stack trace:
[29-Apr-2019 19:35:20 UTC] PHP   1. {main}() /home/ubuntu/workspace/cst336/practice/cst336_Lab4-29/api/getEmail.php:0
[29-Apr-2019 19:37:40 UTC] PHP Warning:  include(../dbConnection.php): failed to open stream: No such file or directory in /home/ubuntu/workspace/cst336/practice/cst336_Lab4-29/api/insertEmail.php on line 3
[29-Apr-2019 19:37:40 UTC] PHP Stack trace:
[29-Apr-2019 19:37:40 UTC] PHP   1. {main}() /home/ubuntu/workspace/cst336/practice/cst336_Lab4-29/api/insertEmail.php:0
[29-Apr-2019 19:37:40 UTC] PHP Warning:  include(): Failed opening '../dbConnection.php' for inclusion (include_path='.:/usr/share/php:/usr/share/pear') in /home/ubuntu/workspace/cst336/practice/cst336_Lab4-29/api/insertEmail.php on line 3
[29-Apr-2019 19:37:40 UTC] PHP Stack trace:
[29-Apr-2019 19:37:40 UTC] PHP   1. {main}() /home/ubuntu/workspace/cst336/practice/cst336_Lab4-29/api/insertEmail.php:0
[29-Apr-2019 19:37:40 UTC] PHP Fatal error:  Call to undefined function getDatabaseConnection() in /home/ubuntu/workspace/cst336/practice/cst336_Lab4-29/api/insertEmail.php on line 4
[29-Apr-2019 19:37:40 UTC] PHP Stack trace:
[29-Apr-2019 19:37:40 UTC] PHP   1. {main}() /home/ubuntu/workspace/cst336/practice/cst336_Lab4-29/api/insertEmail.php:0
[29-Apr-2019 19:38:46 UTC] PHP Fatal error:  Uncaught exception 'PDOException' with message 'SQLSTATE[42S02]: Base table or view not found: 1146 Table 'quizlab.data' doesn't exist' in /home/ubuntu/workspace/cst336/practice/cst336_Lab4-29/api/insertEmail.php:18
Stack trace:
#0 /home/ubuntu/workspace/cst336/practice/cst336_Lab4-29/api/insertEmail.php(18): PDOStatement->execute(Array)
#1 {main}
  thrown in /home/ubuntu/workspace/cst336/practice/cst336_Lab4-29/api/insertEmail.php on line 18
