[13-Apr-2019 23:02:32 UTC] PHP Fatal error:  Uncaught exception 'PDOException' with message 'SQLSTATE[42S02]: Base table or view not found: 1146 Table 'ottermart.om_admin' doesn't exist' in /home/ubuntu/workspace/cst336/Labs/lab7/loginProcess.php:21
Stack trace:
#0 /home/ubuntu/workspace/cst336/Labs/lab7/loginProcess.php(21): PDOStatement->execute(Array)
#1 {main}
  thrown in /home/ubuntu/workspace/cst336/Labs/lab7/loginProcess.php on line 21
[13-Apr-2019 23:03:13 UTC] PHP Fatal error:  Uncaught exception 'PDOException' with message 'SQLSTATE[3D000]: Invalid catalog name: 1046 No database selected' in /home/ubuntu/workspace/cst336/Labs/lab7/loginProcess.php:21
Stack trace:
#0 /home/ubuntu/workspace/cst336/Labs/lab7/loginProcess.php(21): PDOStatement->execute(Array)
#1 {main}
  thrown in /home/ubuntu/workspace/cst336/Labs/lab7/loginProcess.php on line 21
[13-Apr-2019 23:04:08 UTC] PHP Fatal error:  Uncaught exception 'PDOException' with message 'SQLSTATE[3D000]: Invalid catalog name: 1046 No database selected' in /home/ubuntu/workspace/cst336/Labs/lab7/loginProcess.php:21
Stack trace:
#0 /home/ubuntu/workspace/cst336/Labs/lab7/loginProcess.php(21): PDOStatement->execute(Array)
#1 {main}
  thrown in /home/ubuntu/workspace/cst336/Labs/lab7/loginProcess.php on line 21
[16-Apr-2019 17:06:20 UTC] PHP Fatal error:  Uncaught exception 'PDOException' with message 'SQLSTATE[3D000]: Invalid catalog name: 1046 No database selected' in /home/ubuntu/workspace/cst336/Labs/lab7/loginProcess.php:21
Stack trace:
#0 /home/ubuntu/workspace/cst336/Labs/lab7/loginProcess.php(21): PDOStatement->execute(Array)
#1 {main}
  thrown in /home/ubuntu/workspace/cst336/Labs/lab7/loginProcess.php on line 21
[16-Apr-2019 17:07:45 UTC] PHP Fatal error:  Uncaught exception 'PDOException' with message 'SQLSTATE[3D000]: Invalid catalog name: 1046 No database selected' in /home/ubuntu/workspace/cst336/Labs/lab7/loginProcess.php:21
Stack trace:
#0 /home/ubuntu/workspace/cst336/Labs/lab7/loginProcess.php(21): PDOStatement->execute(Array)
#1 {main}
  thrown in /home/ubuntu/workspace/cst336/Labs/lab7/loginProcess.php on line 21
[16-Apr-2019 17:07:49 UTC] PHP Fatal error:  Uncaught exception 'PDOException' with message 'SQLSTATE[3D000]: Invalid catalog name: 1046 No database selected' in /home/ubuntu/workspace/cst336/Labs/lab7/loginProcess.php:21
Stack trace:
#0 /home/ubuntu/workspace/cst336/Labs/lab7/loginProcess.php(21): PDOStatement->execute(Array)
#1 {main}
  thrown in /home/ubuntu/workspace/cst336/Labs/lab7/loginProcess.php on line 21
[16-Apr-2019 23:55:37 UTC] PHP Fatal error:  Uncaught exception 'PDOException' with message 'SQLSTATE[3D000]: Invalid catalog name: 1046 No database selected' in /home/ubuntu/workspace/cst336/Labs/lab7/loginProcess.php:21
Stack trace:
#0 /home/ubuntu/workspace/cst336/Labs/lab7/loginProcess.php(21): PDOStatement->execute(Array)
#1 {main}
  thrown in /home/ubuntu/workspace/cst336/Labs/lab7/loginProcess.php on line 21
[16-Apr-2019 23:57:33 UTC] PHP Fatal error:  Uncaught exception 'PDOException' with message 'SQLSTATE[3D000]: Invalid catalog name: 1046 No database selected' in /home/ubuntu/workspace/cst336/Labs/lab7/loginProcess.php:21
Stack trace:
#0 /home/ubuntu/workspace/cst336/Labs/lab7/loginProcess.php(21): PDOStatement->execute(Array)
#1 {main}
  thrown in /home/ubuntu/workspace/cst336/Labs/lab7/loginProcess.php on line 21
[16-Apr-2019 23:58:59 UTC] PHP Fatal error:  Uncaught exception 'PDOException' with message 'SQLSTATE[3D000]: Invalid catalog name: 1046 No database selected' in /home/ubuntu/workspace/cst336/Labs/lab7/loginProcess.php:21
Stack trace:
#0 /home/ubuntu/workspace/cst336/Labs/lab7/loginProcess.php(21): PDOStatement->execute(Array)
#1 {main}
  thrown in /home/ubuntu/workspace/cst336/Labs/lab7/loginProcess.php on line 21
[16-Apr-2019 23:59:23 UTC] PHP Fatal error:  Uncaught exception 'PDOException' with message 'SQLSTATE[HY000] [1045] Access denied for user ''@'localhost' (using password: NO)' in /home/ubuntu/workspace/cst336/Labs/lab7/dbConnection.php:18
Stack trace:
#0 /home/ubuntu/workspace/cst336/Labs/lab7/dbConnection.php(18): PDO->__construct('mysql:host=;dbn...', NULL, NULL)
#1 /home/ubuntu/workspace/cst336/Labs/lab7/loginProcess.php(8): getDatabaseConnection('ottermart')
#2 {main}
  thrown in /home/ubuntu/workspace/cst336/Labs/lab7/dbConnection.php on line 18
[17-Apr-2019 00:02:12 UTC] PHP Fatal error:  Call to a member function setAttribute() on a non-object in /home/ubuntu/workspace/cst336/Labs/lab7/dbConnection.php on line 19
[17-Apr-2019 00:02:12 UTC] PHP Stack trace:
[17-Apr-2019 00:02:12 UTC] PHP   1. {main}() /home/ubuntu/workspace/cst336/Labs/lab7/loginProcess.php:0
[17-Apr-2019 00:02:12 UTC] PHP   2. getDatabaseConnection() /home/ubuntu/workspace/cst336/Labs/lab7/loginProcess.php:8
[17-Apr-2019 00:02:33 UTC] PHP Fatal error:  Call to a member function prepare() on a non-object in /home/ubuntu/workspace/cst336/Labs/lab7/loginProcess.php on line 20
[17-Apr-2019 00:02:33 UTC] PHP Stack trace:
[17-Apr-2019 00:02:33 UTC] PHP   1. {main}() /home/ubuntu/workspace/cst336/Labs/lab7/loginProcess.php:0
[17-Apr-2019 00:02:54 UTC] PHP Fatal error:  Uncaught exception 'PDOException' with message 'SQLSTATE[HY000] [1045] Access denied for user ''@'localhost' (using password: NO)' in /home/ubuntu/workspace/cst336/Labs/lab7/dbConnection.php:18
Stack trace:
#0 /home/ubuntu/workspace/cst336/Labs/lab7/dbConnection.php(18): PDO->__construct('mysql:host=;dbn...', NULL, NULL)
#1 /home/ubuntu/workspace/cst336/Labs/lab7/loginProcess.php(8): getDatabaseConnection('ottermart')
#2 {main}
  thrown in /home/ubuntu/workspace/cst336/Labs/lab7/dbConnection.php on line 18
[17-Apr-2019 00:04:36 UTC] PHP Fatal error:  Uncaught exception 'PDOException' with message 'SQLSTATE[HY000] [1045] Access denied for user ''@'localhost' (using password: NO)' in /home/ubuntu/workspace/cst336/Labs/lab7/dbConnection.php:18
Stack trace:
#0 /home/ubuntu/workspace/cst336/Labs/lab7/dbConnection.php(18): PDO->__construct('mysql:host=;dbn...', NULL, NULL)
#1 /home/ubuntu/workspace/cst336/Labs/lab7/loginProcess.php(8): getDatabaseConnection('ottermart')
#2 {main}
  thrown in /home/ubuntu/workspace/cst336/Labs/lab7/dbConnection.php on line 18
[17-Apr-2019 00:06:09 UTC] PHP Fatal error:  Uncaught exception 'PDOException' with message 'SQLSTATE[HY000] [1045] Access denied for user ''@'localhost' (using password: NO)' in /home/ubuntu/workspace/cst336/Labs/lab7/dbConnection.php:18
Stack trace:
#0 /home/ubuntu/workspace/cst336/Labs/lab7/dbConnection.php(18): PDO->__construct('mysql:host=;dbn...', NULL, NULL)
#1 /home/ubuntu/workspace/cst336/Labs/lab7/loginProcess.php(8): getDatabaseConnection('ottermart')
#2 {main}
  thrown in /home/ubuntu/workspace/cst336/Labs/lab7/dbConnection.php on line 18
[17-Apr-2019 00:11:15 UTC] PHP Fatal error:  Uncaught exception 'PDOException' with message 'SQLSTATE[3D000]: Invalid catalog name: 1046 No database selected' in /home/ubuntu/workspace/cst336/Labs/lab7/loginProcess.php:21
Stack trace:
#0 /home/ubuntu/workspace/cst336/Labs/lab7/loginProcess.php(21): PDOStatement->execute(Array)
#1 {main}
  thrown in /home/ubuntu/workspace/cst336/Labs/lab7/loginProcess.php on line 21
