[09-May-2019 01:50:47 UTC] PHP Fatal error:  Uncaught exception 'PDOException' with message 'SQLSTATE[42000]: Syntax error or access violation: 1064 You have an error in your SQL syntax; check the manual that corresponds to your MySQL server version for the right syntax to use near '' at line 1' in /home/ubuntu/workspace/cst336/groupProject/api/applyCouponAPI.php:11
Stack trace:
#0 /home/ubuntu/workspace/cst336/groupProject/api/applyCouponAPI.php(11): PDOStatement->execute()
#1 {main}
  thrown in /home/ubuntu/workspace/cst336/groupProject/api/applyCouponAPI.php on line 11
[09-May-2019 03:45:44 UTC] PHP Fatal error:  Uncaught exception 'PDOException' with message 'SQLSTATE[42000]: Syntax error or access violation: 1064 You have an error in your SQL syntax; check the manual that corresponds to your MySQL server version for the right syntax to use near '' at line 1' in /home/ubuntu/workspace/cst336/groupProject/api/applyCouponAPI.php:11
Stack trace:
#0 /home/ubuntu/workspace/cst336/groupProject/api/applyCouponAPI.php(11): PDOStatement->execute()
#1 {main}
  thrown in /home/ubuntu/workspace/cst336/groupProject/api/applyCouponAPI.php on line 11
[09-May-2019 03:47:16 UTC] PHP Fatal error:  Uncaught exception 'PDOException' with message 'SQLSTATE[42S22]: Column not found: 1054 Unknown column '125fghgfdf' in 'where clause'' in /home/ubuntu/workspace/cst336/groupProject/api/applyCouponAPI.php:11
Stack trace:
#0 /home/ubuntu/workspace/cst336/groupProject/api/applyCouponAPI.php(11): PDOStatement->execute()
#1 {main}
  thrown in /home/ubuntu/workspace/cst336/groupProject/api/applyCouponAPI.php on line 11
[09-May-2019 03:49:05 UTC] PHP Fatal error:  Uncaught exception 'PDOException' with message 'SQLSTATE[42S22]: Column not found: 1054 Unknown column 'coupon' in 'where clause'' in /home/ubuntu/workspace/cst336/groupProject/api/applyCouponAPI.php:11
Stack trace:
#0 /home/ubuntu/workspace/cst336/groupProject/api/applyCouponAPI.php(11): PDOStatement->execute()
#1 {main}
  thrown in /home/ubuntu/workspace/cst336/groupProject/api/applyCouponAPI.php on line 11
